!SESSION 2020-04-03 19:44:43.547 -----------------------------------------------
eclipse.buildId=4.12.0.I20190605-1800
java.version=1.8.0_241
java.vendor=Oracle Corporation
BootLoader constants: OS=win32, ARCH=x86_64, WS=win32, NL=en_US
Framework arguments:  -product org.eclipse.epp.package.java.product
Command-line arguments:  -os win32 -ws win32 -arch x86_64 -product org.eclipse.epp.package.java.product

!ENTRY org.eclipse.egit.core 1 0 2020-04-03 19:46:07.457
!MESSAGE Using Apache MINA sshd as ssh client.

!ENTRY org.eclipse.egit.ui 2 0 2020-04-03 19:46:12.624
!MESSAGE Warning: The environment variable HOME is not set. The following directory will be used to store the Git
user global configuration and to define the default location to store repositories: 'C:\Users\yccha'. If this is
not correct please set the HOME environment variable and restart Eclipse. Otherwise Git for Windows and
EGit might behave differently since they see different configuration options.
This warning can be switched off on the Team > Git > Confirmations and Warnings preference page.
!SESSION 2020-04-06 12:08:36.929 -----------------------------------------------
eclipse.buildId=4.12.0.I20190605-1800
java.version=1.8.0_241
java.vendor=Oracle Corporation
BootLoader constants: OS=win32, ARCH=x86_64, WS=win32, NL=en_US
Framework arguments:  -product org.eclipse.epp.package.java.product
Command-line arguments:  -os win32 -ws win32 -arch x86_64 -product org.eclipse.epp.package.java.product

!ENTRY org.eclipse.core.resources 2 10035 2020-04-06 12:08:44.106
!MESSAGE The workspace exited with unsaved changes in the previous session; refreshing workspace to recover changes.

!ENTRY org.eclipse.egit.core 1 0 2020-04-06 12:08:44.998
!MESSAGE Using Apache MINA sshd as ssh client.

!ENTRY org.eclipse.egit.ui 2 0 2020-04-06 12:08:52.285
!MESSAGE Warning: The environment variable HOME is not set. The following directory will be used to store the Git
user global configuration and to define the default location to store repositories: 'C:\Users\yccha'. If this is
not correct please set the HOME environment variable and restart Eclipse. Otherwise Git for Windows and
EGit might behave differently since they see different configuration options.
This warning can be switched off on the Team > Git > Confirmations and Warnings preference page.

!ENTRY org.eclipse.m2e.logback.appender 2 0 2020-04-06 16:56:00.357
!MESSAGE The POM for com.fasterxml.jackson.core:jackson-core:jar:2.0 is missing, no dependency information available

!ENTRY org.eclipse.m2e.logback.appender 2 0 2020-04-06 16:56:03.852
!MESSAGE The POM for com.fasterxml.jackson.core:jackson-core:jar:2.0 is missing, no dependency information available

!ENTRY org.eclipse.m2e.logback.appender 4 0 2020-04-06 16:56:04.149
!MESSAGE Could not download sources for com.fasterxml.jackson.core:jackson-core:2.0
!STACK 1
org.eclipse.core.runtime.CoreException: Could not resolve artifact com.fasterxml.jackson.core:jackson-core:jar:sources:2.0
	at org.eclipse.m2e.core.internal.embedder.MavenImpl.lambda$4(MavenImpl.java:801)
	at org.eclipse.m2e.core.internal.embedder.MavenExecutionContext.executeBare(MavenExecutionContext.java:177)
	at org.eclipse.m2e.core.internal.embedder.MavenExecutionContext.execute(MavenExecutionContext.java:112)
	at org.eclipse.m2e.core.internal.embedder.MavenExecutionContext.execute(MavenExecutionContext.java:99)
	at org.eclipse.m2e.core.internal.embedder.MavenImpl.resolve(MavenImpl.java:769)
	at org.eclipse.m2e.core.internal.embedder.MavenImpl.resolve(MavenImpl.java:746)
	at org.eclipse.m2e.jdt.internal.DownloadSourcesJob.download(DownloadSourcesJob.java:328)
	at org.eclipse.m2e.jdt.internal.DownloadSourcesJob.downloadAttachments(DownloadSourcesJob.java:302)
	at org.eclipse.m2e.jdt.internal.DownloadSourcesJob.downloadMaven(DownloadSourcesJob.java:267)
	at org.eclipse.m2e.jdt.internal.DownloadSourcesJob.downloadFilesAndPopulateToUpdate(DownloadSourcesJob.java:231)
	at org.eclipse.m2e.jdt.internal.DownloadSourcesJob.lambda$0(DownloadSourcesJob.java:159)
	at org.eclipse.m2e.core.internal.embedder.MavenExecutionContext.executeBare(MavenExecutionContext.java:177)
	at org.eclipse.m2e.core.internal.embedder.MavenExecutionContext.execute(MavenExecutionContext.java:151)
	at org.eclipse.m2e.core.internal.embedder.MavenExecutionContext.execute(MavenExecutionContext.java:99)
	at org.eclipse.m2e.core.internal.embedder.MavenImpl.execute(MavenImpl.java:1374)
	at org.eclipse.m2e.jdt.internal.DownloadSourcesJob.run(DownloadSourcesJob.java:159)
	at org.eclipse.core.internal.jobs.Worker.run(Worker.java:63)
Contains: Missing com.fasterxml.jackson.core:jackson-core:jar:sources:2.0
!SUBENTRY 1 org.eclipse.m2e.core 4 -1 2020-04-06 16:56:04.149
!MESSAGE Could not resolve artifact com.fasterxml.jackson.core:jackson-core:jar:sources:2.0
!SUBENTRY 2 org.eclipse.m2e.core 4 -1 2020-04-06 16:56:04.149
!MESSAGE Missing com.fasterxml.jackson.core:jackson-core:jar:sources:2.0

!ENTRY org.eclipse.m2e.logback.appender 4 0 2020-04-06 16:56:06.908
!MESSAGE Could not download javadoc for com.fasterxml.jackson.core:jackson-core:2.0
!STACK 1
org.eclipse.core.runtime.CoreException: Could not resolve artifact com.fasterxml.jackson.core:jackson-core:jar:javadoc:2.0
	at org.eclipse.m2e.core.internal.embedder.MavenImpl.lambda$4(MavenImpl.java:801)
	at org.eclipse.m2e.core.internal.embedder.MavenExecutionContext.executeBare(MavenExecutionContext.java:177)
	at org.eclipse.m2e.core.internal.embedder.MavenExecutionContext.execute(MavenExecutionContext.java:112)
	at org.eclipse.m2e.core.internal.embedder.MavenExecutionContext.execute(MavenExecutionContext.java:99)
	at org.eclipse.m2e.core.internal.embedder.MavenImpl.resolve(MavenImpl.java:769)
	at org.eclipse.m2e.core.internal.embedder.MavenImpl.resolve(MavenImpl.java:746)
	at org.eclipse.m2e.jdt.internal.DownloadSourcesJob.download(DownloadSourcesJob.java:328)
	at org.eclipse.m2e.jdt.internal.DownloadSourcesJob.downloadAttachments(DownloadSourcesJob.java:314)
	at org.eclipse.m2e.jdt.internal.DownloadSourcesJob.downloadMaven(DownloadSourcesJob.java:267)
	at org.eclipse.m2e.jdt.internal.DownloadSourcesJob.downloadFilesAndPopulateToUpdate(DownloadSourcesJob.java:231)
	at org.eclipse.m2e.jdt.internal.DownloadSourcesJob.lambda$0(DownloadSourcesJob.java:159)
	at org.eclipse.m2e.core.internal.embedder.MavenExecutionContext.executeBare(MavenExecutionContext.java:177)
	at org.eclipse.m2e.core.internal.embedder.MavenExecutionContext.execute(MavenExecutionContext.java:151)
	at org.eclipse.m2e.core.internal.embedder.MavenExecutionContext.execute(MavenExecutionContext.java:99)
	at org.eclipse.m2e.core.internal.embedder.MavenImpl.execute(MavenImpl.java:1374)
	at org.eclipse.m2e.jdt.internal.DownloadSourcesJob.run(DownloadSourcesJob.java:159)
	at org.eclipse.core.internal.jobs.Worker.run(Worker.java:63)
Contains: Missing com.fasterxml.jackson.core:jackson-core:jar:javadoc:2.0
!SUBENTRY 1 org.eclipse.m2e.core 4 -1 2020-04-06 16:56:06.908
!MESSAGE Could not resolve artifact com.fasterxml.jackson.core:jackson-core:jar:javadoc:2.0
!SUBENTRY 2 org.eclipse.m2e.core 4 -1 2020-04-06 16:56:06.908
!MESSAGE Missing com.fasterxml.jackson.core:jackson-core:jar:javadoc:2.0

!ENTRY org.eclipse.m2e.logback.appender 2 0 2020-04-06 16:56:20.629
!MESSAGE The POM for com.fasterxml.jackson.core:jackson-core:jar:2.x is missing, no dependency information available

!ENTRY org.eclipse.m2e.logback.appender 2 0 2020-04-06 16:56:21.902
!MESSAGE The POM for com.fasterxml.jackson.core:jackson-core:jar:2.x is missing, no dependency information available

!ENTRY org.eclipse.m2e.logback.appender 4 0 2020-04-06 16:56:22.151
!MESSAGE Could not download sources for com.fasterxml.jackson.core:jackson-core:2.x
!STACK 1
org.eclipse.core.runtime.CoreException: Could not resolve artifact com.fasterxml.jackson.core:jackson-core:jar:sources:2.x
	at org.eclipse.m2e.core.internal.embedder.MavenImpl.lambda$4(MavenImpl.java:801)
	at org.eclipse.m2e.core.internal.embedder.MavenExecutionContext.executeBare(MavenExecutionContext.java:177)
	at org.eclipse.m2e.core.internal.embedder.MavenExecutionContext.execute(MavenExecutionContext.java:112)
	at org.eclipse.m2e.core.internal.embedder.MavenExecutionContext.execute(MavenExecutionContext.java:99)
	at org.eclipse.m2e.core.internal.embedder.MavenImpl.resolve(MavenImpl.java:769)
	at org.eclipse.m2e.core.internal.embedder.MavenImpl.resolve(MavenImpl.java:746)
	at org.eclipse.m2e.jdt.internal.DownloadSourcesJob.download(DownloadSourcesJob.java:328)
	at org.eclipse.m2e.jdt.internal.DownloadSourcesJob.downloadAttachments(DownloadSourcesJob.java:302)
	at org.eclipse.m2e.jdt.internal.DownloadSourcesJob.downloadMaven(DownloadSourcesJob.java:267)
	at org.eclipse.m2e.jdt.internal.DownloadSourcesJob.downloadFilesAndPopulateToUpdate(DownloadSourcesJob.java:231)
	at org.eclipse.m2e.jdt.internal.DownloadSourcesJob.lambda$0(DownloadSourcesJob.java:159)
	at org.eclipse.m2e.core.internal.embedder.MavenExecutionContext.executeBare(MavenExecutionContext.java:177)
	at org.eclipse.m2e.core.internal.embedder.MavenExecutionContext.execute(MavenExecutionContext.java:151)
	at org.eclipse.m2e.core.internal.embedder.MavenExecutionContext.execute(MavenExecutionContext.java:99)
	at org.eclipse.m2e.core.internal.embedder.MavenImpl.execute(MavenImpl.java:1374)
	at org.eclipse.m2e.jdt.internal.DownloadSourcesJob.run(DownloadSourcesJob.java:159)
	at org.eclipse.core.internal.jobs.Worker.run(Worker.java:63)
Contains: Missing com.fasterxml.jackson.core:jackson-core:jar:sources:2.x
!SUBENTRY 1 org.eclipse.m2e.core 4 -1 2020-04-06 16:56:22.151
!MESSAGE Could not resolve artifact com.fasterxml.jackson.core:jackson-core:jar:sources:2.x
!SUBENTRY 2 org.eclipse.m2e.core 4 -1 2020-04-06 16:56:22.151
!MESSAGE Missing com.fasterxml.jackson.core:jackson-core:jar:sources:2.x

!ENTRY org.eclipse.m2e.logback.appender 2 0 2020-04-06 16:56:39.950
!MESSAGE The POM for com.fasterxml.jackson.core:jackson-core:jar:2.X is missing, no dependency information available

!ENTRY org.eclipse.m2e.logback.appender 2 0 2020-04-06 16:56:41.055
!MESSAGE The POM for com.fasterxml.jackson.core:jackson-core:jar:2.X is missing, no dependency information available

!ENTRY org.eclipse.m2e.logback.appender 4 0 2020-04-06 16:56:41.405
!MESSAGE Could not download javadoc for com.fasterxml.jackson.core:jackson-core:2.X
!STACK 1
org.eclipse.core.runtime.CoreException: Could not resolve artifact com.fasterxml.jackson.core:jackson-core:jar:javadoc:2.X
	at org.eclipse.m2e.core.internal.embedder.MavenImpl.lambda$4(MavenImpl.java:801)
	at org.eclipse.m2e.core.internal.embedder.MavenExecutionContext.executeBare(MavenExecutionContext.java:177)
	at org.eclipse.m2e.core.internal.embedder.MavenExecutionContext.execute(MavenExecutionContext.java:112)
	at org.eclipse.m2e.core.internal.embedder.MavenExecutionContext.execute(MavenExecutionContext.java:99)
	at org.eclipse.m2e.core.internal.embedder.MavenImpl.resolve(MavenImpl.java:769)
	at org.eclipse.m2e.core.internal.embedder.MavenImpl.resolve(MavenImpl.java:746)
	at org.eclipse.m2e.jdt.internal.DownloadSourcesJob.download(DownloadSourcesJob.java:328)
	at org.eclipse.m2e.jdt.internal.DownloadSourcesJob.downloadAttachments(DownloadSourcesJob.java:314)
	at org.eclipse.m2e.jdt.internal.DownloadSourcesJob.downloadMaven(DownloadSourcesJob.java:267)
	at org.eclipse.m2e.jdt.internal.DownloadSourcesJob.downloadFilesAndPopulateToUpdate(DownloadSourcesJob.java:231)
	at org.eclipse.m2e.jdt.internal.DownloadSourcesJob.lambda$0(DownloadSourcesJob.java:159)
	at org.eclipse.m2e.core.internal.embedder.MavenExecutionContext.executeBare(MavenExecutionContext.java:177)
	at org.eclipse.m2e.core.internal.embedder.MavenExecutionContext.execute(MavenExecutionContext.java:151)
	at org.eclipse.m2e.core.internal.embedder.MavenExecutionContext.execute(MavenExecutionContext.java:99)
	at org.eclipse.m2e.core.internal.embedder.MavenImpl.execute(MavenImpl.java:1374)
	at org.eclipse.m2e.jdt.internal.DownloadSourcesJob.run(DownloadSourcesJob.java:159)
	at org.eclipse.core.internal.jobs.Worker.run(Worker.java:63)
Contains: Missing com.fasterxml.jackson.core:jackson-core:jar:javadoc:2.X
!SUBENTRY 1 org.eclipse.m2e.core 4 -1 2020-04-06 16:56:41.405
!MESSAGE Could not resolve artifact com.fasterxml.jackson.core:jackson-core:jar:javadoc:2.X
!SUBENTRY 2 org.eclipse.m2e.core 4 -1 2020-04-06 16:56:41.405
!MESSAGE Missing com.fasterxml.jackson.core:jackson-core:jar:javadoc:2.X

!ENTRY org.eclipse.m2e.logback.appender 2 0 2020-04-06 16:57:04.067
!MESSAGE The POM for com.fasterxml.jackson.core:jackson-core:jar:2.10 is missing, no dependency information available

!ENTRY org.eclipse.m2e.logback.appender 2 0 2020-04-06 16:57:05.363
!MESSAGE The POM for com.fasterxml.jackson.core:jackson-core:jar:2.10 is missing, no dependency information available

!ENTRY org.eclipse.m2e.logback.appender 4 0 2020-04-06 16:57:05.627
!MESSAGE Could not download sources for com.fasterxml.jackson.core:jackson-core:2.10
!STACK 1
org.eclipse.core.runtime.CoreException: Could not resolve artifact com.fasterxml.jackson.core:jackson-core:jar:sources:2.10
	at org.eclipse.m2e.core.internal.embedder.MavenImpl.lambda$4(MavenImpl.java:801)
	at org.eclipse.m2e.core.internal.embedder.MavenExecutionContext.executeBare(MavenExecutionContext.java:177)
	at org.eclipse.m2e.core.internal.embedder.MavenExecutionContext.execute(MavenExecutionContext.java:112)
	at org.eclipse.m2e.core.internal.embedder.MavenExecutionContext.execute(MavenExecutionContext.java:99)
	at org.eclipse.m2e.core.internal.embedder.MavenImpl.resolve(MavenImpl.java:769)
	at org.eclipse.m2e.core.internal.embedder.MavenImpl.resolve(MavenImpl.java:746)
	at org.eclipse.m2e.jdt.internal.DownloadSourcesJob.download(DownloadSourcesJob.java:328)
	at org.eclipse.m2e.jdt.internal.DownloadSourcesJob.downloadAttachments(DownloadSourcesJob.java:302)
	at org.eclipse.m2e.jdt.internal.DownloadSourcesJob.downloadMaven(DownloadSourcesJob.java:267)
	at org.eclipse.m2e.jdt.internal.DownloadSourcesJob.downloadFilesAndPopulateToUpdate(DownloadSourcesJob.java:231)
	at org.eclipse.m2e.jdt.internal.DownloadSourcesJob.lambda$0(DownloadSourcesJob.java:159)
	at org.eclipse.m2e.core.internal.embedder.MavenExecutionContext.executeBare(MavenExecutionContext.java:177)
	at org.eclipse.m2e.core.internal.embedder.MavenExecutionContext.execute(MavenExecutionContext.java:151)
	at org.eclipse.m2e.core.internal.embedder.MavenExecutionContext.execute(MavenExecutionContext.java:99)
	at org.eclipse.m2e.core.internal.embedder.MavenImpl.execute(MavenImpl.java:1374)
	at org.eclipse.m2e.jdt.internal.DownloadSourcesJob.run(DownloadSourcesJob.java:159)
	at org.eclipse.core.internal.jobs.Worker.run(Worker.java:63)
Contains: Missing com.fasterxml.jackson.core:jackson-core:jar:sources:2.10
!SUBENTRY 1 org.eclipse.m2e.core 4 -1 2020-04-06 16:57:05.627
!MESSAGE Could not resolve artifact com.fasterxml.jackson.core:jackson-core:jar:sources:2.10
!SUBENTRY 2 org.eclipse.m2e.core 4 -1 2020-04-06 16:57:05.627
!MESSAGE Missing com.fasterxml.jackson.core:jackson-core:jar:sources:2.10
!SESSION 2020-04-11 13:18:35.470 -----------------------------------------------
eclipse.buildId=4.12.0.I20190605-1800
java.version=1.8.0_241
java.vendor=Oracle Corporation
BootLoader constants: OS=win32, ARCH=x86_64, WS=win32, NL=en_US
Framework arguments:  -product org.eclipse.epp.package.java.product
Command-line arguments:  -os win32 -ws win32 -arch x86_64 -product org.eclipse.epp.package.java.product

!ENTRY org.eclipse.egit.core 1 0 2020-04-11 13:18:50.861
!MESSAGE Using Apache MINA sshd as ssh client.

!ENTRY org.eclipse.egit.ui 2 0 2020-04-11 13:19:01.795
!MESSAGE Warning: The environment variable HOME is not set. The following directory will be used to store the Git
user global configuration and to define the default location to store repositories: 'C:\Users\yccha'. If this is
not correct please set the HOME environment variable and restart Eclipse. Otherwise Git for Windows and
EGit might behave differently since they see different configuration options.
This warning can be switched off on the Team > Git > Confirmations and Warnings preference page.
!SESSION 2020-04-14 00:34:35.108 -----------------------------------------------
eclipse.buildId=4.12.0.I20190605-1800
java.version=1.8.0_241
java.vendor=Oracle Corporation
BootLoader constants: OS=win32, ARCH=x86_64, WS=win32, NL=en_US
Framework arguments:  -product org.eclipse.epp.package.java.product
Command-line arguments:  -os win32 -ws win32 -arch x86_64 -product org.eclipse.epp.package.java.product

!ENTRY org.eclipse.egit.core 1 0 2020-04-14 00:35:17.125
!MESSAGE Using Apache MINA sshd as ssh client.

!ENTRY org.eclipse.egit.ui 2 0 2020-04-14 00:35:28.820
!MESSAGE Warning: The environment variable HOME is not set. The following directory will be used to store the Git
user global configuration and to define the default location to store repositories: 'C:\Users\yccha'. If this is
not correct please set the HOME environment variable and restart Eclipse. Otherwise Git for Windows and
EGit might behave differently since they see different configuration options.
This warning can be switched off on the Team > Git > Confirmations and Warnings preference page.

!ENTRY org.python.pydev.shared_core 1 1 2020-04-14 12:54:08.567
!MESSAGE - Ok, file is non-null. Getting info on:C:\Users\yccha\Anaconda3\python.exe
- Beggining task:Getting libs totalWork:100
- Setting task name:Mounting executable string...
- Setting task name:Executing:  C:\Users\yccha\Anaconda3\python.exe -u C:\Users\yccha\.p2\pool\plugins\org.python.pydev.core_7.5.0.202001101138\pysrc\interpreterInfo.py
- Setting task name:Making pythonpath environment... C:\Users\yccha\Anaconda3\python.exe -u C:\Users\yccha\.p2\pool\plugins\org.python.pydev.core_7.5.0.202001101138\pysrc\interpreterInfo.py
- Setting task name:Making exec... C:\Users\yccha\Anaconda3\python.exe -u C:\Users\yccha\.p2\pool\plugins\org.python.pydev.core_7.5.0.202001101138\pysrc\interpreterInfo.py
- Setting task name:Reading output...
- Setting task name:Waiting for process to finish.
- Setting task name:Process finished.
- Success getting the info. Result:<xml>
<name>python</name>
<version>3.7</version>
<executable>C:\Users\yccha\Anaconda3\python.exe</executable>
<lib>C:\Users\yccha\Anaconda3\DLLs</lib>
<lib>C:\Users\yccha\Anaconda3\lib</lib>
<lib>C:\Users\yccha\Anaconda3</lib>
<lib>C:\Users\yccha\AppData\Roaming\Python\Python37\site-packages</lib>
<lib>C:\Users\yccha\Anaconda3\lib\site-packages</lib>
<lib>C:\Users\yccha\Anaconda3\lib\site-packages\win32</lib>
<lib>C:\Users\yccha\Anaconda3\lib\site-packages\win32\lib</lib>
<lib>C:\Users\yccha\Anaconda3\lib\site-packages\Pythonwin</lib>
<forced_lib>Image</forced_lib>
<forced_lib>OpenGL</forced_lib>
<forced_lib>_abc</forced_lib>
<forced_lib>_ast</forced_lib>
<forced_lib>_bisect</forced_lib>
<forced_lib>_blake2</forced_lib>
<forced_lib>_bytesio</forced_lib>
<forced_lib>_codecs</forced_lib>
<forced_lib>_codecs_cn</forced_lib>
<forced_lib>_codecs_hk</forced_lib>
<forced_lib>_codecs_iso2022</forced_lib>
<forced_lib>_codecs_jp</forced_lib>
<forced_lib>_codecs_kr</forced_lib>
<forced_lib>_codecs_tw</forced_lib>
<forced_lib>_collections</forced_lib>
<forced_lib>_contextvars</forced_lib>
<forced_lib>_csv</forced_lib>
<forced_lib>_datetime</forced_lib>
<forced_lib>_fileio</forced_lib>
<forced_lib>_functools</forced_lib>
<forced_lib>_heapq</forced_lib>
<forced_lib>_hotshot</forced_lib>
<forced_lib>_imp</forced_lib>
<forced_lib>_io</forced_lib>
<forced_lib>_json</forced_lib>
<forced_lib>_locale</forced_lib>
<forced_lib>_lsprof</forced_lib>
<forced_lib>_md5</forced_lib>
<forced_lib>_multibytecodec</forced_lib>
<forced_lib>_opcode</forced_lib>
<forced_lib>_operator</forced_lib>
<forced_lib>_pickle</forced_lib>
<forced_lib>_random</forced_lib>
<forced_lib>_sha</forced_lib>
<forced_lib>_sha1</forced_lib>
<forced_lib>_sha256</forced_lib>
<forced_lib>_sha3</forced_lib>
<forced_lib>_sha512</forced_lib>
<forced_lib>_signal</forced_lib>
<forced_lib>_sre</forced_lib>
<forced_lib>_stat</forced_lib>
<forced_lib>_string</forced_lib>
<forced_lib>_struct</forced_lib>
<forced_lib>_subprocess</forced_lib>
<forced_lib>_symtable</forced_lib>
<forced_lib>_thread</forced_lib>
<forced_lib>_tracemalloc</forced_lib>
<forced_lib>_warnings</forced_lib>
<forced_lib>_weakref</forced_lib>
<forced_lib>_winapi</forced_lib>
<forced_lib>_winreg</forced_lib>
<forced_lib>array</forced_lib>
<forced_lib>astropy</forced_lib>
<forced_lib>astropy.units</forced_lib>
<forced_lib>atexit</forced_lib>
<forced_lib>audioop</forced_lib>
<forced_lib>binascii</forced_lib>
<forced_lib>builtins</forced_lib>
<forced_lib>cPickle</forced_lib>
<forced_lib>cStringIO</forced_lib>
<forced_lib>cmath</forced_lib>
<forced_lib>cv2</forced_lib>
<forced_lib>datetime</forced_lib>
<forced_lib>email</forced_lib>
<forced_lib>errno</forced_lib>
<forced_lib>exceptions</forced_lib>
<forced_lib>faulthandler</forced_lib>
<forced_lib>future_builtins</forced_lib>
<forced_lib>gc</forced_lib>
<forced_lib>gi</forced_lib>
<forced_lib>hashlib</forced_lib>
<forced_lib>imageop</forced_lib>
<forced_lib>imp</forced_lib>
<forced_lib>itertools</forced_lib>
<forced_lib>marshal</forced_lib>
<forced_lib>math</forced_lib>
<forced_lib>mmap</forced_lib>
<forced_lib>mock</forced_lib>
<forced_lib>msvcrt</forced_lib>
<forced_lib>multiprocessing</forced_lib>
<forced_lib>mutagen</forced_lib>
<forced_lib>nose</forced_lib>
<forced_lib>nose.tools</forced_lib>
<forced_lib>nt</forced_lib>
<forced_lib>numpy</forced_lib>
<forced_lib>operator</forced_lib>
<forced_lib>os</forced_lib>
<forced_lib>os.path</forced_lib>
<forced_lib>parser</forced_lib>
<forced_lib>pytest</forced_lib>
<forced_lib>scipy</forced_lib>
<forced_lib>signal</forced_lib>
<forced_lib>six</forced_lib>
<forced_lib>socket</forced_lib>
<forced_lib>ssl</forced_lib>
<forced_lib>strop</forced_lib>
<forced_lib>sys</forced_lib>
<forced_lib>thread</forced_lib>
<forced_lib>time</forced_lib>
<forced_lib>werkzeug</forced_lib>
<forced_lib>winreg</forced_lib>
<forced_lib>wx</forced_lib>
<forced_lib>wxPython</forced_lib>
<forced_lib>xxsubtype</forced_lib>
<forced_lib>zipimport</forced_lib>
<forced_lib>zlib</forced_lib>
<string_substitution_var><key>PY</key><value>37</value></string_substitution_var>
</xml>
- Ok, file is non-null. Getting info on:C:\Users\yccha\AppData\Local\Programs\Python\Python38-32\python.exe
- Beggining task:Getting libs totalWork:100
- Setting task name:Mounting executable string...
- Setting task name:Executing:  C:\Users\yccha\AppData\Local\Programs\Python\Python38-32\python.exe -u C:\Users\yccha\.p2\pool\plugins\org.python.pydev.core_7.5.0.202001101138\pysrc\interpreterInfo.py
- Setting task name:Making pythonpath environment... C:\Users\yccha\AppData\Local\Programs\Python\Python38-32\python.exe -u C:\Users\yccha\.p2\pool\plugins\org.python.pydev.core_7.5.0.202001101138\pysrc\interpreterInfo.py
- Setting task name:Making exec... C:\Users\yccha\AppData\Local\Programs\Python\Python38-32\python.exe -u C:\Users\yccha\.p2\pool\plugins\org.python.pydev.core_7.5.0.202001101138\pysrc\interpreterInfo.py
- Setting task name:Reading output...
- Setting task name:Waiting for process to finish.
- Setting task name:Process finished.
- Success getting the info. Result:<xml>
<name>python</name>
<version>3.8</version>
<executable>C:\Users\yccha\AppData\Local\Programs\Python\Python38-32\python.exe</executable>
<lib>C:\Users\yccha\AppData\Local\Programs\Python\Python38-32\DLLs</lib>
<lib>C:\Users\yccha\AppData\Local\Programs\Python\Python38-32\lib</lib>
<lib>C:\Users\yccha\AppData\Local\Programs\Python\Python38-32</lib>
<lib>C:\Users\yccha\AppData\Local\Programs\Python\Python38-32\lib\site-packages</lib>
<forced_lib>Image</forced_lib>
<forced_lib>OpenGL</forced_lib>
<forced_lib>_abc</forced_lib>
<forced_lib>_ast</forced_lib>
<forced_lib>_bisect</forced_lib>
<forced_lib>_blake2</forced_lib>
<forced_lib>_bytesio</forced_lib>
<forced_lib>_codecs</forced_lib>
<forced_lib>_codecs_cn</forced_lib>
<forced_lib>_codecs_hk</forced_lib>
<forced_lib>_codecs_iso2022</forced_lib>
<forced_lib>_codecs_jp</forced_lib>
<forced_lib>_codecs_kr</forced_lib>
<forced_lib>_codecs_tw</forced_lib>
<forced_lib>_collections</forced_lib>
<forced_lib>_contextvars</forced_lib>
<forced_lib>_csv</forced_lib>
<forced_lib>_datetime</forced_lib>
<forced_lib>_fileio</forced_lib>
<forced_lib>_functools</forced_lib>
<forced_lib>_heapq</forced_lib>
<forced_lib>_hotshot</forced_lib>
<forced_lib>_imp</forced_lib>
<forced_lib>_io</forced_lib>
<forced_lib>_json</forced_lib>
<forced_lib>_locale</forced_lib>
<forced_lib>_lsprof</forced_lib>
<forced_lib>_md5</forced_lib>
<forced_lib>_multibytecodec</forced_lib>
<forced_lib>_opcode</forced_lib>
<forced_lib>_operator</forced_lib>
<forced_lib>_pickle</forced_lib>
<forced_lib>_random</forced_lib>
<forced_lib>_sha</forced_lib>
<forced_lib>_sha1</forced_lib>
<forced_lib>_sha256</forced_lib>
<forced_lib>_sha3</forced_lib>
<forced_lib>_sha512</forced_lib>
<forced_lib>_signal</forced_lib>
<forced_lib>_sre</forced_lib>
<forced_lib>_stat</forced_lib>
<forced_lib>_statistics</forced_lib>
<forced_lib>_string</forced_lib>
<forced_lib>_struct</forced_lib>
<forced_lib>_subprocess</forced_lib>
<forced_lib>_symtable</forced_lib>
<forced_lib>_thread</forced_lib>
<forced_lib>_tracemalloc</forced_lib>
<forced_lib>_warnings</forced_lib>
<forced_lib>_weakref</forced_lib>
<forced_lib>_winapi</forced_lib>
<forced_lib>_winreg</forced_lib>
<forced_lib>_xxsubinterpreters</forced_lib>
<forced_lib>array</forced_lib>
<forced_lib>atexit</forced_lib>
<forced_lib>audioop</forced_lib>
<forced_lib>binascii</forced_lib>
<forced_lib>builtins</forced_lib>
<forced_lib>cPickle</forced_lib>
<forced_lib>cStringIO</forced_lib>
<forced_lib>cmath</forced_lib>
<forced_lib>cv2</forced_lib>
<forced_lib>datetime</forced_lib>
<forced_lib>email</forced_lib>
<forced_lib>errno</forced_lib>
<forced_lib>exceptions</forced_lib>
<forced_lib>faulthandler</forced_lib>
<forced_lib>future_builtins</forced_lib>
<forced_lib>gc</forced_lib>
<forced_lib>gi</forced_lib>
<forced_lib>hashlib</forced_lib>
<forced_lib>imageop</forced_lib>
<forced_lib>imp</forced_lib>
<forced_lib>itertools</forced_lib>
<forced_lib>marshal</forced_lib>
<forced_lib>math</forced_lib>
<forced_lib>mmap</forced_lib>
<forced_lib>mock</forced_lib>
<forced_lib>msvcrt</forced_lib>
<forced_lib>multiprocessing</forced_lib>
<forced_lib>mutagen</forced_lib>
<forced_lib>nt</forced_lib>
<forced_lib>numpy</forced_lib>
<forced_lib>operator</forced_lib>
<forced_lib>os</forced_lib>
<forced_lib>os.path</forced_lib>
<forced_lib>parser</forced_lib>
<forced_lib>pytest</forced_lib>
<forced_lib>scipy</forced_lib>
<forced_lib>signal</forced_lib>
<forced_lib>six</forced_lib>
<forced_lib>socket</forced_lib>
<forced_lib>ssl</forced_lib>
<forced_lib>strop</forced_lib>
<forced_lib>sys</forced_lib>
<forced_lib>thread</forced_lib>
<forced_lib>time</forced_lib>
<forced_lib>winreg</forced_lib>
<forced_lib>wx</forced_lib>
<forced_lib>wxPython</forced_lib>
<forced_lib>xxsubtype</forced_lib>
<forced_lib>zipimport</forced_lib>
<forced_lib>zlib</forced_lib>
<string_substitution_var><key>PY</key><value>38</value></string_substitution_var>
</xml>
- Ok, file is non-null. Getting info on:C:\Python27\python.exe
- Beggining task:Getting libs totalWork:100
- Setting task name:Mounting executable string...
- Setting task name:Executing:  C:\Python27\python.exe -u C:\Users\yccha\.p2\pool\plugins\org.python.pydev.core_7.5.0.202001101138\pysrc\interpreterInfo.py
- Setting task name:Making pythonpath environment... C:\Python27\python.exe -u C:\Users\yccha\.p2\pool\plugins\org.python.pydev.core_7.5.0.202001101138\pysrc\interpreterInfo.py
- Setting task name:Making exec... C:\Python27\python.exe -u C:\Users\yccha\.p2\pool\plugins\org.python.pydev.core_7.5.0.202001101138\pysrc\interpreterInfo.py
- Setting task name:Reading output...
- Setting task name:Waiting for process to finish.
- Setting task name:Process finished.
- Success getting the info. Result:<xml>
<name>python</name>
<version>2.7</version>
<executable>C:\Python27\python.exe</executable>
<lib>C:\Python27\DLLs</lib>
<lib>C:\Python27\lib</lib>
<lib>C:\Python27\lib\lib-tk</lib>
<lib>C:\Python27</lib>
<lib>C:\Python27\lib\site-packages</lib>
<lib>C:\Python27\lib\site-packages\paho_mqtt-1.5.0.dev0-py2.7.egg</lib>
<forced_lib>Image</forced_lib>
<forced_lib>OpenGL</forced_lib>
<forced_lib>__builtin__</forced_lib>
<forced_lib>__main__</forced_lib>
<forced_lib>_ast</forced_lib>
<forced_lib>_bisect</forced_lib>
<forced_lib>_bytesio</forced_lib>
<forced_lib>_codecs</forced_lib>
<forced_lib>_codecs_cn</forced_lib>
<forced_lib>_codecs_hk</forced_lib>
<forced_lib>_codecs_iso2022</forced_lib>
<forced_lib>_codecs_jp</forced_lib>
<forced_lib>_codecs_kr</forced_lib>
<forced_lib>_codecs_tw</forced_lib>
<forced_lib>_collections</forced_lib>
<forced_lib>_csv</forced_lib>
<forced_lib>_fileio</forced_lib>
<forced_lib>_functools</forced_lib>
<forced_lib>_heapq</forced_lib>
<forced_lib>_hotshot</forced_lib>
<forced_lib>_io</forced_lib>
<forced_lib>_json</forced_lib>
<forced_lib>_locale</forced_lib>
<forced_lib>_lsprof</forced_lib>
<forced_lib>_md5</forced_lib>
<forced_lib>_multibytecodec</forced_lib>
<forced_lib>_random</forced_lib>
<forced_lib>_sha</forced_lib>
<forced_lib>_sha256</forced_lib>
<forced_lib>_sha512</forced_lib>
<forced_lib>_sre</forced_lib>
<forced_lib>_struct</forced_lib>
<forced_lib>_subprocess</forced_lib>
<forced_lib>_symtable</forced_lib>
<forced_lib>_warnings</forced_lib>
<forced_lib>_weakref</forced_lib>
<forced_lib>_winreg</forced_lib>
<forced_lib>array</forced_lib>
<forced_lib>audioop</forced_lib>
<forced_lib>binascii</forced_lib>
<forced_lib>cPickle</forced_lib>
<forced_lib>cStringIO</forced_lib>
<forced_lib>cmath</forced_lib>
<forced_lib>cv2</forced_lib>
<forced_lib>datetime</forced_lib>
<forced_lib>email</forced_lib>
<forced_lib>errno</forced_lib>
<forced_lib>exceptions</forced_lib>
<forced_lib>future_builtins</forced_lib>
<forced_lib>gc</forced_lib>
<forced_lib>gi</forced_lib>
<forced_lib>hashlib</forced_lib>
<forced_lib>imageop</forced_lib>
<forced_lib>imp</forced_lib>
<forced_lib>itertools</forced_lib>
<forced_lib>marshal</forced_lib>
<forced_lib>math</forced_lib>
<forced_lib>mmap</forced_lib>
<forced_lib>mock</forced_lib>
<forced_lib>msvcrt</forced_lib>
<forced_lib>multiprocessing</forced_lib>
<forced_lib>mutagen</forced_lib>
<forced_lib>nt</forced_lib>
<forced_lib>numpy</forced_lib>
<forced_lib>operator</forced_lib>
<forced_lib>os</forced_lib>
<forced_lib>os.path</forced_lib>
<forced_lib>parser</forced_lib>
<forced_lib>pytest</forced_lib>
<forced_lib>scipy</forced_lib>
<forced_lib>signal</forced_lib>
<forced_lib>six</forced_lib>
<forced_lib>socket</forced_lib>
<forced_lib>ssl</forced_lib>
<forced_lib>strop</forced_lib>
<forced_lib>sys</forced_lib>
<forced_lib>thread</forced_lib>
<forced_lib>time</forced_lib>
<forced_lib>werkzeug</forced_lib>
<forced_lib>wx</forced_lib>
<forced_lib>wxPython</forced_lib>
<forced_lib>xxsubtype</forced_lib>
<forced_lib>zipimport</forced_lib>
<forced_lib>zlib</forced_lib>
<string_substitution_var><key>PY</key><value>27</value></string_substitution_var>
</xml>
- Ok, file is non-null. Getting info on:C:\Users\yccha\AppData\Local\Programs\Python\Python38-32\python.exe
- Beggining task:Getting libs totalWork:100
- Setting task name:Mounting executable string...
- Setting task name:Executing:  C:\Users\yccha\AppData\Local\Programs\Python\Python38-32\python.exe -u C:\Users\yccha\.p2\pool\plugins\org.python.pydev.core_7.5.0.202001101138\pysrc\interpreterInfo.py
- Setting task name:Making pythonpath environment... C:\Users\yccha\AppData\Local\Programs\Python\Python38-32\python.exe -u C:\Users\yccha\.p2\pool\plugins\org.python.pydev.core_7.5.0.202001101138\pysrc\interpreterInfo.py
- Setting task name:Making exec... C:\Users\yccha\AppData\Local\Programs\Python\Python38-32\python.exe -u C:\Users\yccha\.p2\pool\plugins\org.python.pydev.core_7.5.0.202001101138\pysrc\interpreterInfo.py
- Setting task name:Reading output...
- Setting task name:Waiting for process to finish.
- Setting task name:Process finished.
- Success getting the info. Result:<xml>
<name>python</name>
<version>3.8</version>
<executable>C:\Users\yccha\AppData\Local\Programs\Python\Python38-32\python.exe</executable>
<lib>C:\Users\yccha\AppData\Local\Programs\Python\Python38-32\DLLs</lib>
<lib>C:\Users\yccha\AppData\Local\Programs\Python\Python38-32\lib</lib>
<lib>C:\Users\yccha\AppData\Local\Programs\Python\Python38-32</lib>
<lib>C:\Users\yccha\AppData\Local\Programs\Python\Python38-32\lib\site-packages</lib>
<forced_lib>Image</forced_lib>
<forced_lib>OpenGL</forced_lib>
<forced_lib>_abc</forced_lib>
<forced_lib>_ast</forced_lib>
<forced_lib>_bisect</forced_lib>
<forced_lib>_blake2</forced_lib>
<forced_lib>_bytesio</forced_lib>
<forced_lib>_codecs</forced_lib>
<forced_lib>_codecs_cn</forced_lib>
<forced_lib>_codecs_hk</forced_lib>
<forced_lib>_codecs_iso2022</forced_lib>
<forced_lib>_codecs_jp</forced_lib>
<forced_lib>_codecs_kr</forced_lib>
<forced_lib>_codecs_tw</forced_lib>
<forced_lib>_collections</forced_lib>
<forced_lib>_contextvars</forced_lib>
<forced_lib>_csv</forced_lib>
<forced_lib>_datetime</forced_lib>
<forced_lib>_fileio</forced_lib>
<forced_lib>_functools</forced_lib>
<forced_lib>_heapq</forced_lib>
<forced_lib>_hotshot</forced_lib>
<forced_lib>_imp</forced_lib>
<forced_lib>_io</forced_lib>
<forced_lib>_json</forced_lib>
<forced_lib>_locale</forced_lib>
<forced_lib>_lsprof</forced_lib>
<forced_lib>_md5</forced_lib>
<forced_lib>_multibytecodec</forced_lib>
<forced_lib>_opcode</forced_lib>
<forced_lib>_operator</forced_lib>
<forced_lib>_pickle</forced_lib>
<forced_lib>_random</forced_lib>
<forced_lib>_sha</forced_lib>
<forced_lib>_sha1</forced_lib>
<forced_lib>_sha256</forced_lib>
<forced_lib>_sha3</forced_lib>
<forced_lib>_sha512</forced_lib>
<forced_lib>_signal</forced_lib>
<forced_lib>_sre</forced_lib>
<forced_lib>_stat</forced_lib>
<forced_lib>_statistics</forced_lib>
<forced_lib>_string</forced_lib>
<forced_lib>_struct</forced_lib>
<forced_lib>_subprocess</forced_lib>
<forced_lib>_symtable</forced_lib>
<forced_lib>_thread</forced_lib>
<forced_lib>_tracemalloc</forced_lib>
<forced_lib>_warnings</forced_lib>
<forced_lib>_weakref</forced_lib>
<forced_lib>_winapi</forced_lib>
<forced_lib>_winreg</forced_lib>
<forced_lib>_xxsubinterpreters</forced_lib>
<forced_lib>array</forced_lib>
<forced_lib>atexit</forced_lib>
<forced_lib>audioop</forced_lib>
<forced_lib>binascii</forced_lib>
<forced_lib>builtins</forced_lib>
<forced_lib>cPickle</forced_lib>
<forced_lib>cStringIO</forced_lib>
<forced_lib>cmath</forced_lib>
<forced_lib>cv2</forced_lib>
<forced_lib>datetime</forced_lib>
<forced_lib>email</forced_lib>
<forced_lib>errno</forced_lib>
<forced_lib>exceptions</forced_lib>
<forced_lib>faulthandler</forced_lib>
<forced_lib>future_builtins</forced_lib>
<forced_lib>gc</forced_lib>
<forced_lib>gi</forced_lib>
<forced_lib>hashlib</forced_lib>
<forced_lib>imageop</forced_lib>
<forced_lib>imp</forced_lib>
<forced_lib>itertools</forced_lib>
<forced_lib>marshal</forced_lib>
<forced_lib>math</forced_lib>
<forced_lib>mmap</forced_lib>
<forced_lib>mock</forced_lib>
<forced_lib>msvcrt</forced_lib>
<forced_lib>multiprocessing</forced_lib>
<forced_lib>mutagen</forced_lib>
<forced_lib>nt</forced_lib>
<forced_lib>numpy</forced_lib>
<forced_lib>operator</forced_lib>
<forced_lib>os</forced_lib>
<forced_lib>os.path</forced_lib>
<forced_lib>parser</forced_lib>
<forced_lib>pytest</forced_lib>
<forced_lib>scipy</forced_lib>
<forced_lib>signal</forced_lib>
<forced_lib>six</forced_lib>
<forced_lib>socket</forced_lib>
<forced_lib>ssl</forced_lib>
<forced_lib>strop</forced_lib>
<forced_lib>sys</forced_lib>
<forced_lib>thread</forced_lib>
<forced_lib>time</forced_lib>
<forced_lib>winreg</forced_lib>
<forced_lib>wx</forced_lib>
<forced_lib>wxPython</forced_lib>
<forced_lib>xxsubtype</forced_lib>
<forced_lib>zipimport</forced_lib>
<forced_lib>zlib</forced_lib>
<string_substitution_var><key>PY</key><value>38</value></string_substitution_var>
</xml>

!STACK 0
java.lang.RuntimeException: - Ok, file is non-null. Getting info on:C:\Users\yccha\Anaconda3\python.exe
- Beggining task:Getting libs totalWork:100
- Setting task name:Mounting executable string...
- Setting task name:Executing:  C:\Users\yccha\Anaconda3\python.exe -u C:\Users\yccha\.p2\pool\plugins\org.python.pydev.core_7.5.0.202001101138\pysrc\interpreterInfo.py
- Setting task name:Making pythonpath environment... C:\Users\yccha\Anaconda3\python.exe -u C:\Users\yccha\.p2\pool\plugins\org.python.pydev.core_7.5.0.202001101138\pysrc\interpreterInfo.py
- Setting task name:Making exec... C:\Users\yccha\Anaconda3\python.exe -u C:\Users\yccha\.p2\pool\plugins\org.python.pydev.core_7.5.0.202001101138\pysrc\interpreterInfo.py
- Setting task name:Reading output...
- Setting task name:Waiting for process to finish.
- Setting task name:Process finished.
- Success getting the info. Result:<xml>
<name>python</name>
<version>3.7</version>
<executable>C:\Users\yccha\Anaconda3\python.exe</executable>
<lib>C:\Users\yccha\Anaconda3\DLLs</lib>
<lib>C:\Users\yccha\Anaconda3\lib</lib>
<lib>C:\Users\yccha\Anaconda3</lib>
<lib>C:\Users\yccha\AppData\Roaming\Python\Python37\site-packages</lib>
<lib>C:\Users\yccha\Anaconda3\lib\site-packages</lib>
<lib>C:\Users\yccha\Anaconda3\lib\site-packages\win32</lib>
<lib>C:\Users\yccha\Anaconda3\lib\site-packages\win32\lib</lib>
<lib>C:\Users\yccha\Anaconda3\lib\site-packages\Pythonwin</lib>
<forced_lib>Image</forced_lib>
<forced_lib>OpenGL</forced_lib>
<forced_lib>_abc</forced_lib>
<forced_lib>_ast</forced_lib>
<forced_lib>_bisect</forced_lib>
<forced_lib>_blake2</forced_lib>
<forced_lib>_bytesio</forced_lib>
<forced_lib>_codecs</forced_lib>
<forced_lib>_codecs_cn</forced_lib>
<forced_lib>_codecs_hk</forced_lib>
<forced_lib>_codecs_iso2022</forced_lib>
<forced_lib>_codecs_jp</forced_lib>
<forced_lib>_codecs_kr</forced_lib>
<forced_lib>_codecs_tw</forced_lib>
<forced_lib>_collections</forced_lib>
<forced_lib>_contextvars</forced_lib>
<forced_lib>_csv</forced_lib>
<forced_lib>_datetime</forced_lib>
<forced_lib>_fileio</forced_lib>
<forced_lib>_functools</forced_lib>
<forced_lib>_heapq</forced_lib>
<forced_lib>_hotshot</forced_lib>
<forced_lib>_imp</forced_lib>
<forced_lib>_io</forced_lib>
<forced_lib>_json</forced_lib>
<forced_lib>_locale</forced_lib>
<forced_lib>_lsprof</forced_lib>
<forced_lib>_md5</forced_lib>
<forced_lib>_multibytecodec</forced_lib>
<forced_lib>_opcode</forced_lib>
<forced_lib>_operator</forced_lib>
<forced_lib>_pickle</forced_lib>
<forced_lib>_random</forced_lib>
<forced_lib>_sha</forced_lib>
<forced_lib>_sha1</forced_lib>
<forced_lib>_sha256</forced_lib>
<forced_lib>_sha3</forced_lib>
<forced_lib>_sha512</forced_lib>
<forced_lib>_signal</forced_lib>
<forced_lib>_sre</forced_lib>
<forced_lib>_stat</forced_lib>
<forced_lib>_string</forced_lib>
<forced_lib>_struct</forced_lib>
<forced_lib>_subprocess</forced_lib>
<forced_lib>_symtable</forced_lib>
<forced_lib>_thread</forced_lib>
<forced_lib>_tracemalloc</forced_lib>
<forced_lib>_warnings</forced_lib>
<forced_lib>_weakref</forced_lib>
<forced_lib>_winapi</forced_lib>
<forced_lib>_winreg</forced_lib>
<forced_lib>array</forced_lib>
<forced_lib>astropy</forced_lib>
<forced_lib>astropy.units</forced_lib>
<forced_lib>atexit</forced_lib>
<forced_lib>audioop</forced_lib>
<forced_lib>binascii</forced_lib>
<forced_lib>builtins</forced_lib>
<forced_lib>cPickle</forced_lib>
<forced_lib>cStringIO</forced_lib>
<forced_lib>cmath</forced_lib>
<forced_lib>cv2</forced_lib>
<forced_lib>datetime</forced_lib>
<forced_lib>email</forced_lib>
<forced_lib>errno</forced_lib>
<forced_lib>exceptions</forced_lib>
<forced_lib>faulthandler</forced_lib>
<forced_lib>future_builtins</forced_lib>
<forced_lib>gc</forced_lib>
<forced_lib>gi</forced_lib>
<forced_lib>hashlib</forced_lib>
<forced_lib>imageop</forced_lib>
<forced_lib>imp</forced_lib>
<forced_lib>itertools</forced_lib>
<forced_lib>marshal</forced_lib>
<forced_lib>math</forced_lib>
<forced_lib>mmap</forced_lib>
<forced_lib>mock</forced_lib>
<forced_lib>msvcrt</forced_lib>
<forced_lib>multiprocessing</forced_lib>
<forced_lib>mutagen</forced_lib>
<forced_lib>nose</forced_lib>
<forced_lib>nose.tools</forced_lib>
<forced_lib>nt</forced_lib>
<forced_lib>numpy</forced_lib>
<forced_lib>operator</forced_lib>
<forced_lib>os</forced_lib>
<forced_lib>os.path</forced_lib>
<forced_lib>parser</forced_lib>
<forced_lib>pytest</forced_lib>
<forced_lib>scipy</forced_lib>
<forced_lib>signal</forced_lib>
<forced_lib>six</forced_lib>
<forced_lib>socket</forced_lib>
<forced_lib>ssl</forced_lib>
<forced_lib>strop</forced_lib>
<forced_lib>sys</forced_lib>
<forced_lib>thread</forced_lib>
<forced_lib>time</forced_lib>
<forced_lib>werkzeug</forced_lib>
<forced_lib>winreg</forced_lib>
<forced_lib>wx</forced_lib>
<forced_lib>wxPython</forced_lib>
<forced_lib>xxsubtype</forced_lib>
<forced_lib>zipimport</forced_lib>
<forced_lib>zlib</forced_lib>
<string_substitution_var><key>PY</key><value>37</value></string_substitution_var>
</xml>
- Ok, file is non-null. Getting info on:C:\Users\yccha\AppData\Local\Programs\Python\Python38-32\python.exe
- Beggining task:Getting libs totalWork:100
- Setting task name:Mounting executable string...
- Setting task name:Executing:  C:\Users\yccha\AppData\Local\Programs\Python\Python38-32\python.exe -u C:\Users\yccha\.p2\pool\plugins\org.python.pydev.core_7.5.0.202001101138\pysrc\interpreterInfo.py
- Setting task name:Making pythonpath environment... C:\Users\yccha\AppData\Local\Programs\Python\Python38-32\python.exe -u C:\Users\yccha\.p2\pool\plugins\org.python.pydev.core_7.5.0.202001101138\pysrc\interpreterInfo.py
- Setting task name:Making exec... C:\Users\yccha\AppData\Local\Programs\Python\Python38-32\python.exe -u C:\Users\yccha\.p2\pool\plugins\org.python.pydev.core_7.5.0.202001101138\pysrc\interpreterInfo.py
- Setting task name:Reading output...
- Setting task name:Waiting for process to finish.
- Setting task name:Process finished.
- Success getting the info. Result:<xml>
<name>python</name>
<version>3.8</version>
<executable>C:\Users\yccha\AppData\Local\Programs\Python\Python38-32\python.exe</executable>
<lib>C:\Users\yccha\AppData\Local\Programs\Python\Python38-32\DLLs</lib>
<lib>C:\Users\yccha\AppData\Local\Programs\Python\Python38-32\lib</lib>
<lib>C:\Users\yccha\AppData\Local\Programs\Python\Python38-32</lib>
<lib>C:\Users\yccha\AppData\Local\Programs\Python\Python38-32\lib\site-packages</lib>
<forced_lib>Image</forced_lib>
<forced_lib>OpenGL</forced_lib>
<forced_lib>_abc</forced_lib>
<forced_lib>_ast</forced_lib>
<forced_lib>_bisect</forced_lib>
<forced_lib>_blake2</forced_lib>
<forced_lib>_bytesio</forced_lib>
<forced_lib>_codecs</forced_lib>
<forced_lib>_codecs_cn</forced_lib>
<forced_lib>_codecs_hk</forced_lib>
<forced_lib>_codecs_iso2022</forced_lib>
<forced_lib>_codecs_jp</forced_lib>
<forced_lib>_codecs_kr</forced_lib>
<forced_lib>_codecs_tw</forced_lib>
<forced_lib>_collections</forced_lib>
<forced_lib>_contextvars</forced_lib>
<forced_lib>_csv</forced_lib>
<forced_lib>_datetime</forced_lib>
<forced_lib>_fileio</forced_lib>
<forced_lib>_functools</forced_lib>
<forced_lib>_heapq</forced_lib>
<forced_lib>_hotshot</forced_lib>
<forced_lib>_imp</forced_lib>
<forced_lib>_io</forced_lib>
<forced_lib>_json</forced_lib>
<forced_lib>_locale</forced_lib>
<forced_lib>_lsprof</forced_lib>
<forced_lib>_md5</forced_lib>
<forced_lib>_multibytecodec</forced_lib>
<forced_lib>_opcode</forced_lib>
<forced_lib>_operator</forced_lib>
<forced_lib>_pickle</forced_lib>
<forced_lib>_random</forced_lib>
<forced_lib>_sha</forced_lib>
<forced_lib>_sha1</forced_lib>
<forced_lib>_sha256</forced_lib>
<forced_lib>_sha3</forced_lib>
<forced_lib>_sha512</forced_lib>
<forced_lib>_signal</forced_lib>
<forced_lib>_sre</forced_lib>
<forced_lib>_stat</forced_lib>
<forced_lib>_statistics</forced_lib>
<forced_lib>_string</forced_lib>
<forced_lib>_struct</forced_lib>
<forced_lib>_subprocess</forced_lib>
<forced_lib>_symtable</forced_lib>
<forced_lib>_thread</forced_lib>
<forced_lib>_tracemalloc</forced_lib>
<forced_lib>_warnings</forced_lib>
<forced_lib>_weakref</forced_lib>
<forced_lib>_winapi</forced_lib>
<forced_lib>_winreg</forced_lib>
<forced_lib>_xxsubinterpreters</forced_lib>
<forced_lib>array</forced_lib>
<forced_lib>atexit</forced_lib>
<forced_lib>audioop</forced_lib>
<forced_lib>binascii</forced_lib>
<forced_lib>builtins</forced_lib>
<forced_lib>cPickle</forced_lib>
<forced_lib>cStringIO</forced_lib>
<forced_lib>cmath</forced_lib>
<forced_lib>cv2</forced_lib>
<forced_lib>datetime</forced_lib>
<forced_lib>email</forced_lib>
<forced_lib>errno</forced_lib>
<forced_lib>exceptions</forced_lib>
<forced_lib>faulthandler</forced_lib>
<forced_lib>future_builtins</forced_lib>
<forced_lib>gc</forced_lib>
<forced_lib>gi</forced_lib>
<forced_lib>hashlib</forced_lib>
<forced_lib>imageop</forced_lib>
<forced_lib>imp</forced_lib>
<forced_lib>itertools</forced_lib>
<forced_lib>marshal</forced_lib>
<forced_lib>math</forced_lib>
<forced_lib>mmap</forced_lib>
<forced_lib>mock</forced_lib>
<forced_lib>msvcrt</forced_lib>
<forced_lib>multiprocessing</forced_lib>
<forced_lib>mutagen</forced_lib>
<forced_lib>nt</forced_lib>
<forced_lib>numpy</forced_lib>
<forced_lib>operator</forced_lib>
<forced_lib>os</forced_lib>
<forced_lib>os.path</forced_lib>
<forced_lib>parser</forced_lib>
<forced_lib>pytest</forced_lib>
<forced_lib>scipy</forced_lib>
<forced_lib>signal</forced_lib>
<forced_lib>six</forced_lib>
<forced_lib>socket</forced_lib>
<forced_lib>ssl</forced_lib>
<forced_lib>strop</forced_lib>
<forced_lib>sys</forced_lib>
<forced_lib>thread</forced_lib>
<forced_lib>time</forced_lib>
<forced_lib>winreg</forced_lib>
<forced_lib>wx</forced_lib>
<forced_lib>wxPython</forced_lib>
<forced_lib>xxsubtype</forced_lib>
<forced_lib>zipimport</forced_lib>
<forced_lib>zlib</forced_lib>
<string_substitution_var><key>PY</key><value>38</value></string_substitution_var>
</xml>
- Ok, file is non-null. Getting info on:C:\Python27\python.exe
- Beggining task:Getting libs totalWork:100
- Setting task name:Mounting executable string...
- Setting task name:Executing:  C:\Python27\python.exe -u C:\Users\yccha\.p2\pool\plugins\org.python.pydev.core_7.5.0.202001101138\pysrc\interpreterInfo.py
- Setting task name:Making pythonpath environment... C:\Python27\python.exe -u C:\Users\yccha\.p2\pool\plugins\org.python.pydev.core_7.5.0.202001101138\pysrc\interpreterInfo.py
- Setting task name:Making exec... C:\Python27\python.exe -u C:\Users\yccha\.p2\pool\plugins\org.python.pydev.core_7.5.0.202001101138\pysrc\interpreterInfo.py
- Setting task name:Reading output...
- Setting task name:Waiting for process to finish.
- Setting task name:Process finished.
- Success getting the info. Result:<xml>
<name>python</name>
<version>2.7</version>
<executable>C:\Python27\python.exe</executable>
<lib>C:\Python27\DLLs</lib>
<lib>C:\Python27\lib</lib>
<lib>C:\Python27\lib\lib-tk</lib>
<lib>C:\Python27</lib>
<lib>C:\Python27\lib\site-packages</lib>
<lib>C:\Python27\lib\site-packages\paho_mqtt-1.5.0.dev0-py2.7.egg</lib>
<forced_lib>Image</forced_lib>
<forced_lib>OpenGL</forced_lib>
<forced_lib>__builtin__</forced_lib>
<forced_lib>__main__</forced_lib>
<forced_lib>_ast</forced_lib>
<forced_lib>_bisect</forced_lib>
<forced_lib>_bytesio</forced_lib>
<forced_lib>_codecs</forced_lib>
<forced_lib>_codecs_cn</forced_lib>
<forced_lib>_codecs_hk</forced_lib>
<forced_lib>_codecs_iso2022</forced_lib>
<forced_lib>_codecs_jp</forced_lib>
<forced_lib>_codecs_kr</forced_lib>
<forced_lib>_codecs_tw</forced_lib>
<forced_lib>_collections</forced_lib>
<forced_lib>_csv</forced_lib>
<forced_lib>_fileio</forced_lib>
<forced_lib>_functools</forced_lib>
<forced_lib>_heapq</forced_lib>
<forced_lib>_hotshot</forced_lib>
<forced_lib>_io</forced_lib>
<forced_lib>_json</forced_lib>
<forced_lib>_locale</forced_lib>
<forced_lib>_lsprof</forced_lib>
<forced_lib>_md5</forced_lib>
<forced_lib>_multibytecodec</forced_lib>
<forced_lib>_random</forced_lib>
<forced_lib>_sha</forced_lib>
<forced_lib>_sha256</forced_lib>
<forced_lib>_sha512</forced_lib>
<forced_lib>_sre</forced_lib>
<forced_lib>_struct</forced_lib>
<forced_lib>_subprocess</forced_lib>
<forced_lib>_symtable</forced_lib>
<forced_lib>_warnings</forced_lib>
<forced_lib>_weakref</forced_lib>
<forced_lib>_winreg</forced_lib>
<forced_lib>array</forced_lib>
<forced_lib>audioop</forced_lib>
<forced_lib>binascii</forced_lib>
<forced_lib>cPickle</forced_lib>
<forced_lib>cStringIO</forced_lib>
<forced_lib>cmath</forced_lib>
<forced_lib>cv2</forced_lib>
<forced_lib>datetime</forced_lib>
<forced_lib>email</forced_lib>
<forced_lib>errno</forced_lib>
<forced_lib>exceptions</forced_lib>
<forced_lib>future_builtins</forced_lib>
<forced_lib>gc</forced_lib>
<forced_lib>gi</forced_lib>
<forced_lib>hashlib</forced_lib>
<forced_lib>imageop</forced_lib>
<forced_lib>imp</forced_lib>
<forced_lib>itertools</forced_lib>
<forced_lib>marshal</forced_lib>
<forced_lib>math</forced_lib>
<forced_lib>mmap</forced_lib>
<forced_lib>mock</forced_lib>
<forced_lib>msvcrt</forced_lib>
<forced_lib>multiprocessing</forced_lib>
<forced_lib>mutagen</forced_lib>
<forced_lib>nt</forced_lib>
<forced_lib>numpy</forced_lib>
<forced_lib>operator</forced_lib>
<forced_lib>os</forced_lib>
<forced_lib>os.path</forced_lib>
<forced_lib>parser</forced_lib>
<forced_lib>pytest</forced_lib>
<forced_lib>scipy</forced_lib>
<forced_lib>signal</forced_lib>
<forced_lib>six</forced_lib>
<forced_lib>socket</forced_lib>
<forced_lib>ssl</forced_lib>
<forced_lib>strop</forced_lib>
<forced_lib>sys</forced_lib>
<forced_lib>thread</forced_lib>
<forced_lib>time</forced_lib>
<forced_lib>werkzeug</forced_lib>
<forced_lib>wx</forced_lib>
<forced_lib>wxPython</forced_lib>
<forced_lib>xxsubtype</forced_lib>
<forced_lib>zipimport</forced_lib>
<forced_lib>zlib</forced_lib>
<string_substitution_var><key>PY</key><value>27</value></string_substitution_var>
</xml>
- Ok, file is non-null. Getting info on:C:\Users\yccha\AppData\Local\Programs\Python\Python38-32\python.exe
- Beggining task:Getting libs totalWork:100
- Setting task name:Mounting executable string...
- Setting task name:Executing:  C:\Users\yccha\AppData\Local\Programs\Python\Python38-32\python.exe -u C:\Users\yccha\.p2\pool\plugins\org.python.pydev.core_7.5.0.202001101138\pysrc\interpreterInfo.py
- Setting task name:Making pythonpath environment... C:\Users\yccha\AppData\Local\Programs\Python\Python38-32\python.exe -u C:\Users\yccha\.p2\pool\plugins\org.python.pydev.core_7.5.0.202001101138\pysrc\interpreterInfo.py
- Setting task name:Making exec... C:\Users\yccha\AppData\Local\Programs\Python\Python38-32\python.exe -u C:\Users\yccha\.p2\pool\plugins\org.python.pydev.core_7.5.0.202001101138\pysrc\interpreterInfo.py
- Setting task name:Reading output...
- Setting task name:Waiting for process to finish.
- Setting task name:Process finished.
- Success getting the info. Result:<xml>
<name>python</name>
<version>3.8</version>
<executable>C:\Users\yccha\AppData\Local\Programs\Python\Python38-32\python.exe</executable>
<lib>C:\Users\yccha\AppData\Local\Programs\Python\Python38-32\DLLs</lib>
<lib>C:\Users\yccha\AppData\Local\Programs\Python\Python38-32\lib</lib>
<lib>C:\Users\yccha\AppData\Local\Programs\Python\Python38-32</lib>
<lib>C:\Users\yccha\AppData\Local\Programs\Python\Python38-32\lib\site-packages</lib>
<forced_lib>Image</forced_lib>
<forced_lib>OpenGL</forced_lib>
<forced_lib>_abc</forced_lib>
<forced_lib>_ast</forced_lib>
<forced_lib>_bisect</forced_lib>
<forced_lib>_blake2</forced_lib>
<forced_lib>_bytesio</forced_lib>
<forced_lib>_codecs</forced_lib>
<forced_lib>_codecs_cn</forced_lib>
<forced_lib>_codecs_hk</forced_lib>
<forced_lib>_codecs_iso2022</forced_lib>
<forced_lib>_codecs_jp</forced_lib>
<forced_lib>_codecs_kr</forced_lib>
<forced_lib>_codecs_tw</forced_lib>
<forced_lib>_collections</forced_lib>
<forced_lib>_contextvars</forced_lib>
<forced_lib>_csv</forced_lib>
<forced_lib>_datetime</forced_lib>
<forced_lib>_fileio</forced_lib>
<forced_lib>_functools</forced_lib>
<forced_lib>_heapq</forced_lib>
<forced_lib>_hotshot</forced_lib>
<forced_lib>_imp</forced_lib>
<forced_lib>_io</forced_lib>
<forced_lib>_json</forced_lib>
<forced_lib>_locale</forced_lib>
<forced_lib>_lsprof</forced_lib>
<forced_lib>_md5</forced_lib>
<forced_lib>_multibytecodec</forced_lib>
<forced_lib>_opcode</forced_lib>
<forced_lib>_operator</forced_lib>
<forced_lib>_pickle</forced_lib>
<forced_lib>_random</forced_lib>
<forced_lib>_sha</forced_lib>
<forced_lib>_sha1</forced_lib>
<forced_lib>_sha256</forced_lib>
<forced_lib>_sha3</forced_lib>
<forced_lib>_sha512</forced_lib>
<forced_lib>_signal</forced_lib>
<forced_lib>_sre</forced_lib>
<forced_lib>_stat</forced_lib>
<forced_lib>_statistics</forced_lib>
<forced_lib>_string</forced_lib>
<forced_lib>_struct</forced_lib>
<forced_lib>_subprocess</forced_lib>
<forced_lib>_symtable</forced_lib>
<forced_lib>_thread</forced_lib>
<forced_lib>_tracemalloc</forced_lib>
<forced_lib>_warnings</forced_lib>
<forced_lib>_weakref</forced_lib>
<forced_lib>_winapi</forced_lib>
<forced_lib>_winreg</forced_lib>
<forced_lib>_xxsubinterpreters</forced_lib>
<forced_lib>array</forced_lib>
<forced_lib>atexit</forced_lib>
<forced_lib>audioop</forced_lib>
<forced_lib>binascii</forced_lib>
<forced_lib>builtins</forced_lib>
<forced_lib>cPickle</forced_lib>
<forced_lib>cStringIO</forced_lib>
<forced_lib>cmath</forced_lib>
<forced_lib>cv2</forced_lib>
<forced_lib>datetime</forced_lib>
<forced_lib>email</forced_lib>
<forced_lib>errno</forced_lib>
<forced_lib>exceptions</forced_lib>
<forced_lib>faulthandler</forced_lib>
<forced_lib>future_builtins</forced_lib>
<forced_lib>gc</forced_lib>
<forced_lib>gi</forced_lib>
<forced_lib>hashlib</forced_lib>
<forced_lib>imageop</forced_lib>
<forced_lib>imp</forced_lib>
<forced_lib>itertools</forced_lib>
<forced_lib>marshal</forced_lib>
<forced_lib>math</forced_lib>
<forced_lib>mmap</forced_lib>
<forced_lib>mock</forced_lib>
<forced_lib>msvcrt</forced_lib>
<forced_lib>multiprocessing</forced_lib>
<forced_lib>mutagen</forced_lib>
<forced_lib>nt</forced_lib>
<forced_lib>numpy</forced_lib>
<forced_lib>operator</forced_lib>
<forced_lib>os</forced_lib>
<forced_lib>os.path</forced_lib>
<forced_lib>parser</forced_lib>
<forced_lib>pytest</forced_lib>
<forced_lib>scipy</forced_lib>
<forced_lib>signal</forced_lib>
<forced_lib>six</forced_lib>
<forced_lib>socket</forced_lib>
<forced_lib>ssl</forced_lib>
<forced_lib>strop</forced_lib>
<forced_lib>sys</forced_lib>
<forced_lib>thread</forced_lib>
<forced_lib>time</forced_lib>
<forced_lib>winreg</forced_lib>
<forced_lib>wx</forced_lib>
<forced_lib>wxPython</forced_lib>
<forced_lib>xxsubtype</forced_lib>
<forced_lib>zipimport</forced_lib>
<forced_lib>zlib</forced_lib>
<string_substitution_var><key>PY</key><value>38</value></string_substitution_var>
</xml>

	at org.python.pydev.core.log.Log.logInfo(Log.java:45)
	at org.python.pydev.ui.pythonpathconf.AutoConfigMaker.applyOperation(AutoConfigMaker.java:191)
	at org.python.pydev.ui.pythonpathconf.AutoConfigMaker.autoConfigSingleApply(AutoConfigMaker.java:128)
	at org.python.pydev.ui.PyProjectPythonDetails$ProjectInterpreterAndGrammarConfig$2.widgetSelected(PyProjectPythonDetails.java:326)
	at org.eclipse.swt.widgets.TypedListener.handleEvent(TypedListener.java:252)
	at org.eclipse.swt.widgets.EventTable.sendEvent(EventTable.java:89)
	at org.eclipse.swt.widgets.Display.sendEvent(Display.java:4131)
	at org.eclipse.swt.widgets.Widget.sendEvent(Widget.java:1056)
	at org.eclipse.swt.widgets.Widget.sendEvent(Widget.java:1080)
	at org.eclipse.swt.widgets.Widget.sendSelectionEvent(Widget.java:1097)
	at org.eclipse.swt.widgets.Link.wmNotifyChild(Link.java:696)
	at org.eclipse.swt.widgets.Control.wmNotify(Control.java:5785)
	at org.eclipse.swt.widgets.Composite.wmNotify(Composite.java:1988)
	at org.eclipse.swt.widgets.Control.WM_NOTIFY(Control.java:5351)
	at org.eclipse.swt.widgets.Control.windowProc(Control.java:4815)
	at org.eclipse.swt.widgets.Display.windowProc(Display.java:4778)
	at org.eclipse.swt.internal.win32.OS.CallWindowProc(Native Method)
	at org.eclipse.swt.widgets.Link.callWindowProc(Link.java:160)
	at org.eclipse.swt.widgets.Widget.wmLButtonUp(Widget.java:1933)
	at org.eclipse.swt.widgets.Control.WM_LBUTTONUP(Control.java:5164)
	at org.eclipse.swt.widgets.Control.windowProc(Control.java:4796)
	at org.eclipse.swt.widgets.Display.windowProc(Display.java:4778)
	at org.eclipse.swt.internal.win32.OS.DispatchMessage(Native Method)
	at org.eclipse.swt.widgets.Display.readAndDispatch(Display.java:3545)
	at org.eclipse.jface.window.Window.runEventLoop(Window.java:823)
	at org.eclipse.jface.window.Window.open(Window.java:799)
	at org.eclipse.ui.actions.NewProjectAction.run(NewProjectAction.java:118)
	at org.eclipse.jface.action.Action.runWithEvent(Action.java:474)
	at org.eclipse.jface.action.ActionContributionItem.handleWidgetSelection(ActionContributionItem.java:580)
	at org.eclipse.jface.action.ActionContributionItem.lambda$4(ActionContributionItem.java:412)
	at org.eclipse.swt.widgets.EventTable.sendEvent(EventTable.java:89)
	at org.eclipse.swt.widgets.Display.sendEvent(Display.java:4131)
	at org.eclipse.swt.widgets.Widget.sendEvent(Widget.java:1056)
	at org.eclipse.swt.widgets.Display.runDeferredEvents(Display.java:3944)
	at org.eclipse.swt.widgets.Display.readAndDispatch(Display.java:3547)
	at org.eclipse.e4.ui.internal.workbench.swt.PartRenderingEngine$5.run(PartRenderingEngine.java:1173)
	at org.eclipse.core.databinding.observable.Realm.runWithDefault(Realm.java:338)
	at org.eclipse.e4.ui.internal.workbench.swt.PartRenderingEngine.run(PartRenderingEngine.java:1062)
	at org.eclipse.e4.ui.internal.workbench.E4Workbench.createAndRunUI(E4Workbench.java:155)
	at org.eclipse.ui.internal.Workbench.lambda$3(Workbench.java:635)
	at org.eclipse.core.databinding.observable.Realm.runWithDefault(Realm.java:338)
	at org.eclipse.ui.internal.Workbench.createAndRunWorkbench(Workbench.java:559)
	at org.eclipse.ui.PlatformUI.createAndRunWorkbench(PlatformUI.java:150)
	at org.eclipse.ui.internal.ide.application.IDEApplication.start(IDEApplication.java:155)
	at org.eclipse.equinox.internal.app.EclipseAppHandle.run(EclipseAppHandle.java:203)
	at org.eclipse.core.runtime.internal.adaptor.EclipseAppLauncher.runApplication(EclipseAppLauncher.java:137)
	at org.eclipse.core.runtime.internal.adaptor.EclipseAppLauncher.start(EclipseAppLauncher.java:107)
	at org.eclipse.core.runtime.adaptor.EclipseStarter.run(EclipseStarter.java:400)
	at org.eclipse.core.runtime.adaptor.EclipseStarter.run(EclipseStarter.java:255)
	at sun.reflect.NativeMethodAccessorImpl.invoke0(Native Method)
	at sun.reflect.NativeMethodAccessorImpl.invoke(Unknown Source)
	at sun.reflect.DelegatingMethodAccessorImpl.invoke(Unknown Source)
	at java.lang.reflect.Method.invoke(Unknown Source)
	at org.eclipse.equinox.launcher.Main.invokeFramework(Main.java:660)
	at org.eclipse.equinox.launcher.Main.basicRun(Main.java:597)
	at org.eclipse.equinox.launcher.Main.run(Main.java:1468)

!ENTRY org.python.pydev.shared_core 1 1 2020-04-14 12:54:08.590
!MESSAGE Restoring info for: C:\Users\yccha\AppData\Local\Programs\Python\Python38-32\python.exe
!STACK 0
java.lang.RuntimeException: Restoring info for: C:\Users\yccha\AppData\Local\Programs\Python\Python38-32\python.exe
	at org.python.pydev.ast.interpreter_managers.AbstractInterpreterManager.getInterpretersFromPersistedString(AbstractInterpreterManager.java:454)
	at org.python.pydev.ast.interpreter_managers.AbstractInterpreterManager.internalRecreateCacheGetInterpreterInfos(AbstractInterpreterManager.java:280)
	at org.python.pydev.ast.interpreter_managers.AbstractInterpreterManager.setInfos(AbstractInterpreterManager.java:577)
	at org.python.pydev.ui.pythonpathconf.AutoConfigMaker$1.run(AutoConfigMaker.java:152)
	at org.eclipse.core.internal.jobs.Worker.run(Worker.java:63)
Caused by: java.io.IOException: Expecting: C:\Users\yccha\workspace-IoT-Semester-Project\.metadata\.plugins\org.python.pydev\v1_73wko0jxdxjiw5ytuf92utxn4\modulesKeys to exist (and be a file).
	at org.python.pydev.ast.codecompletion.revisited.ModulesManager.loadFromFile(ModulesManager.java:296)
	at org.python.pydev.ast.codecompletion.revisited.SystemModulesManager.load(SystemModulesManager.java:400)
	at org.python.pydev.ast.interpreter_managers.AbstractInterpreterManager.getInterpretersFromPersistedString(AbstractInterpreterManager.java:452)
	... 4 more

!ENTRY org.python.pydev.shared_core 1 1 2020-04-14 12:54:12.921
!MESSAGE Finished restoring information for: C:\Users\yccha\AppData\Local\Programs\Python\Python38-32\python.exe at: C:\Users\yccha\workspace-IoT-Semester-Project\.metadata\.plugins\org.python.pydev\v1_73wko0jxdxjiw5ytuf92utxn4
!STACK 0
java.lang.RuntimeException: Finished restoring information for: C:\Users\yccha\AppData\Local\Programs\Python\Python38-32\python.exe at: C:\Users\yccha\workspace-IoT-Semester-Project\.metadata\.plugins\org.python.pydev\v1_73wko0jxdxjiw5ytuf92utxn4
	at org.python.pydev.core.log.Log.logInfo(Log.java:45)
	at org.python.pydev.ast.interpreter_managers.AbstractInterpreterManager.getInterpretersFromPersistedString(AbstractInterpreterManager.java:499)
	at org.python.pydev.ast.interpreter_managers.AbstractInterpreterManager.internalRecreateCacheGetInterpreterInfos(AbstractInterpreterManager.java:280)
	at org.python.pydev.ast.interpreter_managers.AbstractInterpreterManager.setInfos(AbstractInterpreterManager.java:577)
	at org.python.pydev.ui.pythonpathconf.AutoConfigMaker$1.run(AutoConfigMaker.java:152)
	at org.eclipse.core.internal.jobs.Worker.run(Worker.java:63)

!ENTRY org.python.pydev.shared_core 4 4 2020-04-14 12:54:15.152
!MESSAGE Info: Rebuilding internal caches: C:\Users\yccha\workspace-IoT-Semester-Project\.metadata\.plugins\com.python.pydev.analysis\python_v1_73wko0jxdxjiw5ytuf92utxn4\python.pydevsysteminfo (Expected error to be provided and got no error!)

!ENTRY org.python.pydev.shared_core 4 4 2020-04-14 12:54:41.188
!MESSAGE Info: Rebuilding internal caches: C:\Users\yccha\workspace-IoT-Semester-Project\.metadata\.plugins\org.eclipse.core.resources\.projects\constrained-device\com.python.pydev.analysis\AdditionalProjectInterpreterInfo.pydevinfo (Expected error to be provided and got no error!)

!ENTRY org.python.pydev.shared_core 4 4 2020-04-14 12:54:48.893
!MESSAGE ERROR reading shell. Message sent: @@IMPORTS:pandas._libs.algos
END@@

ProcessInfo:

 - Executed: C:\Users\yccha\AppData\Local\Programs\Python\Python38-32\python.exe -u C:\Users\yccha\.p2\pool\plugins\org.python.pydev.core_7.5.0.202001101138\pysrc\pycompletionserver.py 58246

 - Environment:
ALLUSERSPROFILE=C:\ProgramData
APPDATA=C:\Users\yccha\AppData\Roaming
CATALINA_HOME=C:\apache-tomcat-9.0.31
CHOCOLATEYINSTALL=C:\ProgramData\chocolatey
CHOCOLATEYLASTPATHUPDATE=132191866463306160
COMMONPROGRAMFILES(X86)=C:\Program Files (x86)\Common Files
COMMONPROGRAMFILES=C:\Program Files\Common Files
COMMONPROGRAMW6432=C:\Program Files\Common Files
COMPUTERNAME=DESKTOP-BT3L6SK
COMSPEC=C:\Windows\system32\cmd.exe
DRIVERDATA=C:\Windows\System32\Drivers\DriverData
FPS_BROWSER_APP_PROFILE_STRING=Internet Explorer
FPS_BROWSER_USER_PROFILE_STRING=Default
HOMEDRIVE=C:
HOMEPATH=\Users\yccha
JAVA_HOME=C:\Program Files\Java\jdk-13.0.2
JRE_HOME=C:\Program Files\Java\jdk-13.0.2
LOCALAPPDATA=C:\Users\yccha\AppData\Local
LOGONSERVER=\\DESKTOP-BT3L6SK
M2_HOME=C:\Program Files\apache-maven-3.6.2
MAVEN_HOME=C:\Program Files\apache-maven-3.6.2
MOSQUITTO_DIR=C:\Program Files\mosquitto
NUMBER_OF_PROCESSORS=12
ONEDRIVE=C:\Users\yccha\OneDrive
ONEDRIVECONSUMER=C:\Users\yccha\OneDrive
OS=Windows_NT
PATH=C:/Program Files/Java/jre1.8.0_241/bin/server;C:/Program Files/Java/jre1.8.0_241/bin;C:/Program Files/Java/jre1.8.0_241/lib/amd64;C:\Program Files (x86)\Common Files\Oracle\Java\javapath;C:\Program Files\Git\cmd;C:\Program Files\spring-2.2.2.RELEASE\bin;C:\Program Files\apache-maven-3.6.2\bin;C:\Program Files\Java\jdk-13.0.2\bin;C:\Program Files\Python37;C:\Program Files\nodejs\;C:\Program Files\PuTTY\;C:\Users\yccha\Anaconda3;C:\Users\yccha\Anaconda3\Library\mingw-w64\bin;C:\Users\yccha\Anaconda3\Library\usr\bin;C:\Users\yccha\Anaconda3\Library\bin;C:\Users\yccha\Anaconda3\Scripts;C:\Users\yccha\scoop\shims;C:\Users\yccha\AppData\Local\Programs\Python\Python38-32\Scripts\;C:\Users\yccha\AppData\Local\Programs\Python\Python38-32\;C:\Windows\System32;C:\Program Files\Python37;C:\Program Files\JetBrains\WebStorm 2019.3.1\bin;C:\Users\yccha\AppData\Local\Programs\Microsoft VS Code\bin;C:\Program Files\Java\jdk-13.0.2\bin;C:\Users\yccha\AppData\Roaming\npm;;C:\Windows\system32;
PATHEXT=.COM;.EXE;.BAT;.CMD;.VBS;.VBE;.JS;.JSE;.WSF;.WSH;.MSC
PROCESSOR_ARCHITECTURE=AMD64
PROCESSOR_IDENTIFIER=Intel64 Family 6 Model 158 Stepping 10, GenuineIntel
PROCESSOR_LEVEL=6
PROCESSOR_REVISION=9e0a
PROGRAMDATA=C:\ProgramData
PROGRAMFILES(X86)=C:\Program Files (x86)
PROGRAMFILES=C:\Program Files
PROGRAMW6432=C:\Program Files
PROMPT=$P$G
PSMODULEPATH=C:\Program Files\WindowsPowerShell\Modules;C:\Windows\system32\WindowsPowerShell\v1.0\Modules
PT7HOME=C:\Program Files\Cisco Packet Tracer 7.2.2
PUBLIC=C:\Users\Public
PYTHONPATH=C:\Users\yccha\.p2\pool\plugins\org.python.pydev.core_7.5.0.202001101138\pysrc\pydev_sitecustomize;C:\Users\yccha\AppData\Local\Programs\Python\Python38-32\DLLs;C:\Users\yccha\AppData\Local\Programs\Python\Python38-32\lib;C:\Users\yccha\AppData\Local\Programs\Python\Python38-32;C:\Users\yccha\AppData\Local\Programs\Python\Python38-32\lib\site-packages
QT_DEVICE_PIXEL_RATIO=auto
SESSIONNAME=Console
SPRING_HOME=C:\Program Files\spring-2.2.2.RELEASE
SYSTEMDRIVE=C:
SYSTEMROOT=C:\Windows
TEMP=C:\Users\yccha\AppData\Local\Temp
TMP=C:\Users\yccha\AppData\Local\Temp
TOMCAT_HOME=C:\apache-tomcat-9.0.30
USERDOMAIN=DESKTOP-BT3L6SK
USERDOMAIN_ROAMINGPROFILE=DESKTOP-BT3L6SK
USERNAME=yccha
USERPROFILE=C:\Users\yccha
VBOX_MSI_INSTALL_PATH=C:\Program Files\Oracle\VirtualBox\
WEBSTORM=C:\Program Files\JetBrains\WebStorm 2019.3.1\bin;
WINDIR=C:\Windows

 - Working Dir:
C:\Users\yccha\eclipse\java-2019-06\eclipse\..\..\..\.p2\pool\plugins\org.python.pydev.core_7.5.0.202001101138\pysrc

 - OS:
Windows 10

 - Std output:


 - Err output:

!STACK 0
java.net.SocketTimeoutException
	at sun.nio.ch.SocketAdaptor$SocketInputStream.read(Unknown Source)
	at sun.nio.ch.ChannelInputStream.read(Unknown Source)
	at java.io.InputStream.read(Unknown Source)
	at org.python.pydev.ast.codecompletion.shell.AbstractShell.read(AbstractShell.java:456)
	at org.python.pydev.ast.codecompletion.shell.AbstractShell.read(AbstractShell.java:514)
	at org.python.pydev.ast.codecompletion.shell.AbstractShell.writeAndGetResults(AbstractShell.java:709)
	at org.python.pydev.ast.codecompletion.shell.AbstractShell.writeAndGetResults(AbstractShell.java:701)
	at org.python.pydev.ast.codecompletion.shell.CompletionsShell.getImportCompletions(CompletionsShell.java:63)
	at org.python.pydev.ast.codecompletion.revisited.modules.CompiledModule.createTokensFromServer(CompiledModule.java:378)
	at org.python.pydev.ast.codecompletion.revisited.modules.CompiledModule.<init>(CompiledModule.java:180)
	at org.python.pydev.ast.codecompletion.revisited.modules.AbstractModule.createModule(AbstractModule.java:294)
	at org.python.pydev.ast.codecompletion.revisited.ModulesManager.getModule(ModulesManager.java:951)
	at org.python.pydev.ast.codecompletion.revisited.ModulesManager.getModule(ModulesManager.java:790)
	at org.python.pydev.ast.codecompletion.revisited.SystemModulesManager.getModule(SystemModulesManager.java:379)
	at com.python.pydev.analysis.additionalinfo.AbstractAdditionalDependencyInfo.updateKeysIfNeededAndSave(AbstractAdditionalDependencyInfo.java:256)
	at com.python.pydev.analysis.system_info_builder.InterpreterInfoBuilder.syncInfoToPythonPath(InterpreterInfoBuilder.java:160)
	at com.python.pydev.analysis.system_info_builder.InterpreterInfoBuilder.syncInfoToPythonPath(InterpreterInfoBuilder.java:86)
	at org.python.pydev.ast.codecompletion.revisited.SyncSystemModulesManager.synchronizeManagerToNameToInfoPythonpath(SyncSystemModulesManager.java:392)
	at org.python.pydev.ast.codecompletion.revisited.SyncSystemModulesManagerScheduler$SynchJob.run(SyncSystemModulesManagerScheduler.java:257)
	at org.eclipse.core.internal.jobs.Worker.run(Worker.java:63)

!ENTRY org.python.pydev.shared_core 4 4 2020-04-14 13:21:09.853
!MESSAGE The module apps.common.ActuatorData could not be found nor created!
!STACK 0
java.lang.RuntimeException: The module apps.common.ActuatorData could not be found nor created!
	at org.python.pydev.core.log.Log.log(Log.java:33)
	at org.python.pydev.ast.codecompletion.revisited.ModulesManager.getModule(ModulesManager.java:982)
	at org.python.pydev.ast.codecompletion.revisited.ModulesManager.getModule(ModulesManager.java:790)
	at org.python.pydev.ast.codecompletion.revisited.ProjectModulesManager.getModuleInDirectManager(ProjectModulesManager.java:243)
	at org.python.pydev.ast.codecompletion.revisited.ProjectModulesManager.getModuleAndRelatedModulesManager(ProjectModulesManager.java:215)
	at org.python.pydev.ast.codecompletion.revisited.ProjectModulesManager.getModule(ProjectModulesManager.java:180)
	at org.python.pydev.ast.codecompletion.revisited.ProjectModulesManager.getModule(ProjectModulesManager.java:164)
	at org.python.pydev.ast.codecompletion.revisited.AbstractASTManager.getModule(AbstractASTManager.java:598)
	at org.python.pydev.ast.codecompletion.revisited.AbstractASTManager.findModuleFromPath(AbstractASTManager.java:2338)
	at org.python.pydev.ast.codecompletion.revisited.AbstractASTManager.findOnImportedMods(AbstractASTManager.java:2205)
	at org.python.pydev.ast.codecompletion.revisited.AbstractASTManager.findOnImportedMods(AbstractASTManager.java:2099)
	at com.python.pydev.analysis.visitors.ImportChecker.visitImportToken(ImportChecker.java:187)
	at com.python.pydev.analysis.visitors.ImportChecker.visitImportToken(ImportChecker.java:168)
	at com.python.pydev.analysis.visitors.Scope.addImportTokens(Scope.java:174)
	at com.python.pydev.analysis.scopeanalysis.AbstractScopeAnalyzerVisitor.visitImportFrom(AbstractScopeAnalyzerVisitor.java:605)
	at org.python.pydev.parser.jython.ast.ImportFrom.accept(ImportFrom.java:96)
	at org.python.pydev.parser.jython.ast.Module.traverse(Module.java:87)
	at com.python.pydev.analysis.scopeanalysis.AbstractScopeAnalyzerVisitor.traverse(AbstractScopeAnalyzerVisitor.java:197)
	at com.python.pydev.analysis.visitors.OccurrencesVisitor.traverse(OccurrencesVisitor.java:397)
	at org.python.pydev.parser.jython.ast.VisitorBase.visitModule(VisitorBase.java:10)
	at org.python.pydev.parser.jython.ast.Module.accept(Module.java:79)
	at com.python.pydev.analysis.OccurrencesAnalyzer.analyzeDocument(OccurrencesAnalyzer.java:60)
	at com.python.pydev.analysis.additionalinfo.builders.AnalysisBuilderRunnable.doAnalysis(AnalysisBuilderRunnable.java:304)
	at com.python.pydev.analysis.additionalinfo.builders.AbstractAnalysisBuilderRunnable.run(AbstractAnalysisBuilderRunnable.java:164)
	at org.python.pydev.core.concurrency.RunnableAsJobsPoolThread$1.run(RunnableAsJobsPoolThread.java:140)
	at org.eclipse.core.internal.jobs.Worker.run(Worker.java:63)

!ENTRY org.python.pydev.shared_core 4 4 2020-04-14 13:21:09.855
!MESSAGE Error. returning: 0
!STACK 0
java.nio.file.NoSuchFileException: C:\Users\yccha\workspace-IoT-Semester-Project\constrained-device\apps\common\__init__.py
	at sun.nio.fs.WindowsException.translateToIOException(Unknown Source)
	at sun.nio.fs.WindowsException.rethrowAsIOException(Unknown Source)
	at sun.nio.fs.WindowsException.rethrowAsIOException(Unknown Source)
	at sun.nio.fs.WindowsFileAttributeViews$Basic.readAttributes(Unknown Source)
	at sun.nio.fs.WindowsFileAttributeViews$Basic.readAttributes(Unknown Source)
	at sun.nio.fs.WindowsFileSystemProvider.readAttributes(Unknown Source)
	at java.nio.file.Files.readAttributes(Unknown Source)
	at java.nio.file.Files.getLastModifiedTime(Unknown Source)
	at org.python.pydev.shared_core.io.FileUtils.lastModified(FileUtils.java:1081)
	at org.python.pydev.shared_core.io.FileUtils.lastModified(FileUtils.java:1072)
	at org.python.pydev.ast.codecompletion.revisited.modules.SourceModule.isSynched(SourceModule.java:1443)
	at org.python.pydev.ast.codecompletion.revisited.ModulesManager.getModule(ModulesManager.java:881)
	at org.python.pydev.ast.codecompletion.revisited.ModulesManager.getModule(ModulesManager.java:790)
	at org.python.pydev.ast.codecompletion.revisited.ProjectModulesManager.getModuleInDirectManager(ProjectModulesManager.java:243)
	at org.python.pydev.ast.codecompletion.revisited.ProjectModulesManager.getModuleAndRelatedModulesManager(ProjectModulesManager.java:215)
	at org.python.pydev.ast.codecompletion.revisited.ProjectModulesManager.getModule(ProjectModulesManager.java:180)
	at org.python.pydev.ast.codecompletion.revisited.ProjectModulesManager.getModule(ProjectModulesManager.java:164)
	at org.python.pydev.ast.codecompletion.revisited.AbstractASTManager.getModule(AbstractASTManager.java:598)
	at org.python.pydev.ast.codecompletion.revisited.AbstractASTManager.findModuleFromPath(AbstractASTManager.java:2338)
	at org.python.pydev.ast.codecompletion.revisited.AbstractASTManager.findOnImportedMods(AbstractASTManager.java:2222)
	at org.python.pydev.ast.codecompletion.revisited.AbstractASTManager.findOnImportedMods(AbstractASTManager.java:2099)
	at com.python.pydev.analysis.visitors.ImportChecker.visitImportToken(ImportChecker.java:187)
	at com.python.pydev.analysis.visitors.ImportChecker.visitImportToken(ImportChecker.java:168)
	at com.python.pydev.analysis.visitors.Scope.addImportTokens(Scope.java:174)
	at com.python.pydev.analysis.scopeanalysis.AbstractScopeAnalyzerVisitor.visitImportFrom(AbstractScopeAnalyzerVisitor.java:605)
	at org.python.pydev.parser.jython.ast.ImportFrom.accept(ImportFrom.java:96)
	at org.python.pydev.parser.jython.ast.Module.traverse(Module.java:87)
	at com.python.pydev.analysis.scopeanalysis.AbstractScopeAnalyzerVisitor.traverse(AbstractScopeAnalyzerVisitor.java:197)
	at com.python.pydev.analysis.visitors.OccurrencesVisitor.traverse(OccurrencesVisitor.java:397)
	at org.python.pydev.parser.jython.ast.VisitorBase.visitModule(VisitorBase.java:10)
	at org.python.pydev.parser.jython.ast.Module.accept(Module.java:79)
	at com.python.pydev.analysis.OccurrencesAnalyzer.analyzeDocument(OccurrencesAnalyzer.java:60)
	at com.python.pydev.analysis.additionalinfo.builders.AnalysisBuilderRunnable.doAnalysis(AnalysisBuilderRunnable.java:304)
	at com.python.pydev.analysis.additionalinfo.builders.AbstractAnalysisBuilderRunnable.run(AbstractAnalysisBuilderRunnable.java:164)
	at org.python.pydev.core.concurrency.RunnableAsJobsPoolThread$1.run(RunnableAsJobsPoolThread.java:140)
	at org.eclipse.core.internal.jobs.Worker.run(Worker.java:63)

!ENTRY org.python.pydev.shared_core 4 4 2020-04-14 13:21:09.859
!MESSAGE The module apps.common.__init__ could not be found nor created!
!STACK 0
java.lang.RuntimeException: The module apps.common.__init__ could not be found nor created!
	at org.python.pydev.core.log.Log.log(Log.java:33)
	at org.python.pydev.ast.codecompletion.revisited.ModulesManager.getModule(ModulesManager.java:982)
	at org.python.pydev.ast.codecompletion.revisited.ModulesManager.getModule(ModulesManager.java:790)
	at org.python.pydev.ast.codecompletion.revisited.ProjectModulesManager.getModuleInDirectManager(ProjectModulesManager.java:243)
	at org.python.pydev.ast.codecompletion.revisited.ProjectModulesManager.getModuleAndRelatedModulesManager(ProjectModulesManager.java:215)
	at org.python.pydev.ast.codecompletion.revisited.ProjectModulesManager.getModule(ProjectModulesManager.java:180)
	at org.python.pydev.ast.codecompletion.revisited.ProjectModulesManager.getModule(ProjectModulesManager.java:164)
	at org.python.pydev.ast.codecompletion.revisited.AbstractASTManager.getModule(AbstractASTManager.java:598)
	at org.python.pydev.ast.codecompletion.revisited.AbstractASTManager.findModuleFromPath(AbstractASTManager.java:2338)
	at org.python.pydev.ast.codecompletion.revisited.AbstractASTManager.findOnImportedMods(AbstractASTManager.java:2222)
	at org.python.pydev.ast.codecompletion.revisited.AbstractASTManager.findOnImportedMods(AbstractASTManager.java:2099)
	at com.python.pydev.analysis.visitors.ImportChecker.visitImportToken(ImportChecker.java:187)
	at com.python.pydev.analysis.visitors.ImportChecker.visitImportToken(ImportChecker.java:168)
	at com.python.pydev.analysis.visitors.Scope.addImportTokens(Scope.java:174)
	at com.python.pydev.analysis.scopeanalysis.AbstractScopeAnalyzerVisitor.visitImportFrom(AbstractScopeAnalyzerVisitor.java:605)
	at org.python.pydev.parser.jython.ast.ImportFrom.accept(ImportFrom.java:96)
	at org.python.pydev.parser.jython.ast.Module.traverse(Module.java:87)
	at com.python.pydev.analysis.scopeanalysis.AbstractScopeAnalyzerVisitor.traverse(AbstractScopeAnalyzerVisitor.java:197)
	at com.python.pydev.analysis.visitors.OccurrencesVisitor.traverse(OccurrencesVisitor.java:397)
	at org.python.pydev.parser.jython.ast.VisitorBase.visitModule(VisitorBase.java:10)
	at org.python.pydev.parser.jython.ast.Module.accept(Module.java:79)
	at com.python.pydev.analysis.OccurrencesAnalyzer.analyzeDocument(OccurrencesAnalyzer.java:60)
	at com.python.pydev.analysis.additionalinfo.builders.AnalysisBuilderRunnable.doAnalysis(AnalysisBuilderRunnable.java:304)
	at com.python.pydev.analysis.additionalinfo.builders.AbstractAnalysisBuilderRunnable.run(AbstractAnalysisBuilderRunnable.java:164)
	at org.python.pydev.core.concurrency.RunnableAsJobsPoolThread$1.run(RunnableAsJobsPoolThread.java:140)
	at org.eclipse.core.internal.jobs.Worker.run(Worker.java:63)

!ENTRY org.python.pydev.shared_core 4 4 2020-04-14 13:21:09.863
!MESSAGE The module apps.__init__ could not be found nor created!
!STACK 0
java.lang.RuntimeException: The module apps.__init__ could not be found nor created!
	at org.python.pydev.core.log.Log.log(Log.java:33)
	at org.python.pydev.ast.codecompletion.revisited.ModulesManager.getModule(ModulesManager.java:982)
	at org.python.pydev.ast.codecompletion.revisited.ModulesManager.getModule(ModulesManager.java:790)
	at org.python.pydev.ast.codecompletion.revisited.ProjectModulesManager.getModuleInDirectManager(ProjectModulesManager.java:243)
	at org.python.pydev.ast.codecompletion.revisited.ProjectModulesManager.getModuleAndRelatedModulesManager(ProjectModulesManager.java:215)
	at org.python.pydev.ast.codecompletion.revisited.ProjectModulesManager.getModule(ProjectModulesManager.java:180)
	at org.python.pydev.ast.codecompletion.revisited.ProjectModulesManager.getModule(ProjectModulesManager.java:164)
	at org.python.pydev.ast.codecompletion.revisited.AbstractASTManager.getModule(AbstractASTManager.java:598)
	at org.python.pydev.ast.codecompletion.revisited.AbstractASTManager.findModuleFromPath(AbstractASTManager.java:2338)
	at org.python.pydev.ast.codecompletion.revisited.AbstractASTManager.findOnImportedMods(AbstractASTManager.java:2222)
	at org.python.pydev.ast.codecompletion.revisited.AbstractASTManager.findOnImportedMods(AbstractASTManager.java:2099)
	at com.python.pydev.analysis.visitors.ImportChecker.visitImportToken(ImportChecker.java:187)
	at com.python.pydev.analysis.visitors.ImportChecker.visitImportToken(ImportChecker.java:168)
	at com.python.pydev.analysis.visitors.Scope.addImportTokens(Scope.java:174)
	at com.python.pydev.analysis.scopeanalysis.AbstractScopeAnalyzerVisitor.visitImportFrom(AbstractScopeAnalyzerVisitor.java:605)
	at org.python.pydev.parser.jython.ast.ImportFrom.accept(ImportFrom.java:96)
	at org.python.pydev.parser.jython.ast.Module.traverse(Module.java:87)
	at com.python.pydev.analysis.scopeanalysis.AbstractScopeAnalyzerVisitor.traverse(AbstractScopeAnalyzerVisitor.java:197)
	at com.python.pydev.analysis.visitors.OccurrencesVisitor.traverse(OccurrencesVisitor.java:397)
	at org.python.pydev.parser.jython.ast.VisitorBase.visitModule(VisitorBase.java:10)
	at org.python.pydev.parser.jython.ast.Module.accept(Module.java:79)
	at com.python.pydev.analysis.OccurrencesAnalyzer.analyzeDocument(OccurrencesAnalyzer.java:60)
	at com.python.pydev.analysis.additionalinfo.builders.AnalysisBuilderRunnable.doAnalysis(AnalysisBuilderRunnable.java:304)
	at com.python.pydev.analysis.additionalinfo.builders.AbstractAnalysisBuilderRunnable.run(AbstractAnalysisBuilderRunnable.java:164)
	at org.python.pydev.core.concurrency.RunnableAsJobsPoolThread$1.run(RunnableAsJobsPoolThread.java:140)
	at org.eclipse.core.internal.jobs.Worker.run(Worker.java:63)

!ENTRY org.python.pydev.shared_core 4 4 2020-04-14 13:21:09.869
!MESSAGE The module apps.common.SensorData could not be found nor created!
!STACK 0
java.lang.RuntimeException: The module apps.common.SensorData could not be found nor created!
	at org.python.pydev.core.log.Log.log(Log.java:33)
	at org.python.pydev.ast.codecompletion.revisited.ModulesManager.getModule(ModulesManager.java:982)
	at org.python.pydev.ast.codecompletion.revisited.ModulesManager.getModule(ModulesManager.java:790)
	at org.python.pydev.ast.codecompletion.revisited.ProjectModulesManager.getModuleInDirectManager(ProjectModulesManager.java:243)
	at org.python.pydev.ast.codecompletion.revisited.ProjectModulesManager.getModuleAndRelatedModulesManager(ProjectModulesManager.java:215)
	at org.python.pydev.ast.codecompletion.revisited.ProjectModulesManager.getModule(ProjectModulesManager.java:180)
	at org.python.pydev.ast.codecompletion.revisited.ProjectModulesManager.getModule(ProjectModulesManager.java:164)
	at org.python.pydev.ast.codecompletion.revisited.AbstractASTManager.getModule(AbstractASTManager.java:598)
	at org.python.pydev.ast.codecompletion.revisited.AbstractASTManager.findModuleFromPath(AbstractASTManager.java:2338)
	at org.python.pydev.ast.codecompletion.revisited.AbstractASTManager.findOnImportedMods(AbstractASTManager.java:2205)
	at org.python.pydev.ast.codecompletion.revisited.AbstractASTManager.findOnImportedMods(AbstractASTManager.java:2099)
	at com.python.pydev.analysis.visitors.ImportChecker.visitImportToken(ImportChecker.java:187)
	at com.python.pydev.analysis.visitors.ImportChecker.visitImportToken(ImportChecker.java:168)
	at com.python.pydev.analysis.visitors.Scope.addImportTokens(Scope.java:174)
	at com.python.pydev.analysis.scopeanalysis.AbstractScopeAnalyzerVisitor.visitImportFrom(AbstractScopeAnalyzerVisitor.java:605)
	at org.python.pydev.parser.jython.ast.ImportFrom.accept(ImportFrom.java:96)
	at org.python.pydev.parser.jython.ast.Module.traverse(Module.java:87)
	at com.python.pydev.analysis.scopeanalysis.AbstractScopeAnalyzerVisitor.traverse(AbstractScopeAnalyzerVisitor.java:197)
	at com.python.pydev.analysis.visitors.OccurrencesVisitor.traverse(OccurrencesVisitor.java:397)
	at org.python.pydev.parser.jython.ast.VisitorBase.visitModule(VisitorBase.java:10)
	at org.python.pydev.parser.jython.ast.Module.accept(Module.java:79)
	at com.python.pydev.analysis.OccurrencesAnalyzer.analyzeDocument(OccurrencesAnalyzer.java:60)
	at com.python.pydev.analysis.additionalinfo.builders.AnalysisBuilderRunnable.doAnalysis(AnalysisBuilderRunnable.java:304)
	at com.python.pydev.analysis.additionalinfo.builders.AbstractAnalysisBuilderRunnable.run(AbstractAnalysisBuilderRunnable.java:164)
	at org.python.pydev.core.concurrency.RunnableAsJobsPoolThread$1.run(RunnableAsJobsPoolThread.java:140)
	at org.eclipse.core.internal.jobs.Worker.run(Worker.java:63)

!ENTRY org.python.pydev.shared_core 2 2 2020-04-15 19:49:02.671
!MESSAGE Warning: computed 17447 completions (trimming to 10000).
Request: CompletionRequest[ editorFile:C:\Users\yccha\workspace-IoT-Semester-Project\constrained-device\zone\app\ZoneInitializer.py activationToken: qualifier:Te isInCalltip:false alreadyHasParams:false]
!STACK 0
java.lang.RuntimeException: Warning: computed 17447 completions (trimming to 10000).
Request: CompletionRequest[ editorFile:C:\Users\yccha\workspace-IoT-Semester-Project\constrained-device\zone\app\ZoneInitializer.py activationToken: qualifier:Te isInCalltip:false alreadyHasParams:false]
	at org.python.pydev.core.log.Log.logWarn(Log.java:49)
	at org.python.pydev.ast.codecompletion.PyCodeCompletion.getCodeCompletionProposals(PyCodeCompletion.java:214)
	at org.python.pydev.editor.codecompletion.PythonCompletionProcessor.getPythonProposals(PythonCompletionProcessor.java:235)
	at org.python.pydev.editor.codecompletion.PythonCompletionProcessor.computeCompletionProposals(PythonCompletionProcessor.java:169)
	at org.python.pydev.editor.codecompletion.SimpleAssistProcessor.computeCompletionProposals(SimpleAssistProcessor.java:287)
	at org.eclipse.jface.text.contentassist.ContentAssistant$2.lambda$0(ContentAssistant.java:2014)
	at java.util.Collections$SingletonSet.forEach(Unknown Source)
	at org.eclipse.jface.text.contentassist.ContentAssistant$2.run(ContentAssistant.java:2013)
	at org.eclipse.core.runtime.SafeRunner.run(SafeRunner.java:45)
	at org.eclipse.jface.text.contentassist.ContentAssistant.computeCompletionProposals(ContentAssistant.java:2010)
	at org.eclipse.jface.text.contentassist.CompletionProposalPopup.computeProposals(CompletionProposalPopup.java:575)
	at org.eclipse.jface.text.contentassist.CompletionProposalPopup.lambda$0(CompletionProposalPopup.java:505)
	at org.eclipse.swt.custom.BusyIndicator.showWhile(BusyIndicator.java:72)
	at org.eclipse.jface.text.contentassist.CompletionProposalPopup.showProposals(CompletionProposalPopup.java:500)
	at org.eclipse.jface.text.contentassist.CompletionProposalPopup$1.run(CompletionProposalPopup.java:381)
	at org.eclipse.jface.text.contentassist.CompletionProposalPopup.getSelectedProposal(CompletionProposalPopup.java:937)
	at org.eclipse.jface.text.contentassist.CompletionProposalPopup.verifyKey(CompletionProposalPopup.java:1394)
	at org.eclipse.jface.text.contentassist.ContentAssistant$InternalListener.verifyKey(ContentAssistant.java:809)
	at org.eclipse.jface.text.TextViewer$VerifyKeyListenersManager.verifyKey(TextViewer.java:480)
	at org.eclipse.swt.custom.StyledTextListener.handleEvent(StyledTextListener.java:70)
	at org.eclipse.swt.widgets.EventTable.sendEvent(EventTable.java:89)
	at org.eclipse.swt.widgets.Display.sendEvent(Display.java:4131)
	at org.eclipse.swt.widgets.Widget.sendEvent(Widget.java:1056)
	at org.eclipse.swt.widgets.Widget.sendEvent(Widget.java:1080)
	at org.eclipse.swt.widgets.Widget.sendEvent(Widget.java:1065)
	at org.eclipse.swt.widgets.Widget.notifyListeners(Widget.java:779)
	at org.eclipse.swt.custom.StyledText.handleKeyDown(StyledText.java:6093)
	at org.eclipse.swt.custom.StyledText.lambda$1(StyledText.java:5787)
	at org.eclipse.swt.widgets.EventTable.sendEvent(EventTable.java:89)
	at org.eclipse.swt.widgets.Display.sendEvent(Display.java:4131)
	at org.eclipse.swt.widgets.Widget.sendEvent(Widget.java:1056)
	at org.eclipse.swt.widgets.Widget.sendEvent(Widget.java:1080)
	at org.eclipse.swt.widgets.Widget.sendEvent(Widget.java:1065)
	at org.eclipse.swt.widgets.Widget.sendKeyEvent(Widget.java:1107)
	at org.eclipse.swt.widgets.Widget.sendKeyEvent(Widget.java:1103)
	at org.eclipse.swt.widgets.Widget.wmChar(Widget.java:1490)
	at org.eclipse.swt.widgets.Control.WM_CHAR(Control.java:4877)
	at org.eclipse.swt.widgets.Canvas.WM_CHAR(Canvas.java:353)
	at org.eclipse.swt.widgets.Control.windowProc(Control.java:4759)
	at org.eclipse.swt.widgets.Canvas.windowProc(Canvas.java:348)
	at org.eclipse.swt.widgets.Display.windowProc(Display.java:4770)
	at org.eclipse.swt.internal.win32.OS.DispatchMessage(Native Method)
	at org.eclipse.swt.widgets.Display.readAndDispatch(Display.java:3545)
	at org.eclipse.e4.ui.internal.workbench.swt.PartRenderingEngine$5.run(PartRenderingEngine.java:1173)
	at org.eclipse.core.databinding.observable.Realm.runWithDefault(Realm.java:338)
	at org.eclipse.e4.ui.internal.workbench.swt.PartRenderingEngine.run(PartRenderingEngine.java:1062)
	at org.eclipse.e4.ui.internal.workbench.E4Workbench.createAndRunUI(E4Workbench.java:155)
	at org.eclipse.ui.internal.Workbench.lambda$3(Workbench.java:635)
	at org.eclipse.core.databinding.observable.Realm.runWithDefault(Realm.java:338)
	at org.eclipse.ui.internal.Workbench.createAndRunWorkbench(Workbench.java:559)
	at org.eclipse.ui.PlatformUI.createAndRunWorkbench(PlatformUI.java:150)
	at org.eclipse.ui.internal.ide.application.IDEApplication.start(IDEApplication.java:155)
	at org.eclipse.equinox.internal.app.EclipseAppHandle.run(EclipseAppHandle.java:203)
	at org.eclipse.core.runtime.internal.adaptor.EclipseAppLauncher.runApplication(EclipseAppLauncher.java:137)
	at org.eclipse.core.runtime.internal.adaptor.EclipseAppLauncher.start(EclipseAppLauncher.java:107)
	at org.eclipse.core.runtime.adaptor.EclipseStarter.run(EclipseStarter.java:400)
	at org.eclipse.core.runtime.adaptor.EclipseStarter.run(EclipseStarter.java:255)
	at sun.reflect.NativeMethodAccessorImpl.invoke0(Native Method)
	at sun.reflect.NativeMethodAccessorImpl.invoke(Unknown Source)
	at sun.reflect.DelegatingMethodAccessorImpl.invoke(Unknown Source)
	at java.lang.reflect.Method.invoke(Unknown Source)
	at org.eclipse.equinox.launcher.Main.invokeFramework(Main.java:660)
	at org.eclipse.equinox.launcher.Main.basicRun(Main.java:597)
	at org.eclipse.equinox.launcher.Main.run(Main.java:1468)

!ENTRY org.python.pydev.shared_core 4 4 2020-04-15 19:59:35.522
!MESSAGE Unable to read contents from: C:\Users\yccha\workspace-IoT-Semester-Project\.metadata\.plugins\org.python.pydev\v1_73wko0jxdxjiw5ytuf92utxn4\shell\_da_e1cv03rrh4y28y4j88xivhfc0.top
!STACK 0
java.io.EOFException: Unexpected end of ZLIB input stream
	at java.util.zip.InflaterInputStream.fill(Unknown Source)
	at java.util.zip.InflaterInputStream.read(Unknown Source)
	at java.util.zip.GZIPInputStream.read(Unknown Source)
	at java.io.BufferedInputStream.fill(Unknown Source)
	at java.io.BufferedInputStream.read1(Unknown Source)
	at java.io.BufferedInputStream.read(Unknown Source)
	at java.io.ObjectInputStream$PeekInputStream.read(Unknown Source)
	at java.io.ObjectInputStream$PeekInputStream.readFully(Unknown Source)
	at java.io.ObjectInputStream$BlockDataInputStream.readShort(Unknown Source)
	at java.io.ObjectInputStream.readStreamHeader(Unknown Source)
	at java.io.ObjectInputStream.<init>(Unknown Source)
	at org.python.pydev.ast.codecompletion.revisited.modules.CompiledModule.getCached(CompiledModule.java:310)
	at org.python.pydev.ast.codecompletion.revisited.modules.CompiledModule.getGlobalTokens(CompiledModule.java:537)
	at org.python.pydev.ast.codecompletion.revisited.AbstractASTManager.internalGenerateGetCompletionsForModule(AbstractASTManager.java:872)
	at org.python.pydev.ast.codecompletion.revisited.AbstractASTManager.getCompletionsForModule(AbstractASTManager.java:694)
	at org.python.pydev.ast.codecompletion.revisited.AbstractASTManager.getCompletionsForModule(AbstractASTManager.java:663)
	at org.python.pydev.ast.codecompletion.revisited.AbstractASTManager.getCompletionsForModule(AbstractASTManager.java:654)
	at org.python.pydev.ast.codecompletion.revisited.modules.AbstractModule.internalGenerateCachedTokens(AbstractModule.java:220)
	at org.python.pydev.ast.codecompletion.revisited.modules.AbstractModule.getCachedCompletions(AbstractModule.java:191)
	at org.python.pydev.ast.codecompletion.revisited.modules.AbstractModule.isInGlobalTokens(AbstractModule.java:143)
	at com.python.pydev.analysis.scopeanalysis.AbstractScopeAnalyzerVisitor.markRead(AbstractScopeAnalyzerVisitor.java:1230)
	at com.python.pydev.analysis.scopeanalysis.AbstractScopeAnalyzerVisitor.visitAttribute(AbstractScopeAnalyzerVisitor.java:746)
	at org.python.pydev.parser.jython.ast.Attribute.accept(Attribute.java:87)
	at com.python.pydev.analysis.scopeanalysis.AbstractScopeAnalyzerVisitor.onVisitCallFunc(AbstractScopeAnalyzerVisitor.java:231)
	at com.python.pydev.analysis.visitors.OccurrencesVisitor.onVisitCallFunc(OccurrencesVisitor.java:551)
	at com.python.pydev.analysis.scopeanalysis.AbstractScopeAnalyzerVisitor.visitCall(AbstractScopeAnalyzerVisitor.java:203)
	at com.python.pydev.analysis.visitors.OccurrencesVisitor.visitCall(OccurrencesVisitor.java:360)
	at org.python.pydev.parser.jython.ast.Call.accept(Call.java:123)
	at com.python.pydev.analysis.scopeanalysis.AbstractScopeAnalyzerVisitor.visitCall(AbstractScopeAnalyzerVisitor.java:209)
	at com.python.pydev.analysis.visitors.OccurrencesVisitor.visitCall(OccurrencesVisitor.java:360)
	at org.python.pydev.parser.jython.ast.Call.accept(Call.java:123)
	at com.python.pydev.analysis.scopeanalysis.AbstractScopeAnalyzerVisitor.visitAssign(AbstractScopeAnalyzerVisitor.java:872)
	at com.python.pydev.analysis.visitors.OccurrencesVisitor.visitAssign(OccurrencesVisitor.java:218)
	at org.python.pydev.parser.jython.ast.Assign.accept(Assign.java:97)
	at com.python.pydev.analysis.scopeanalysis.AbstractScopeAnalyzerVisitor.visitFunctionDef(AbstractScopeAnalyzerVisitor.java:451)
	at org.python.pydev.parser.jython.ast.FunctionDef.accept(FunctionDef.java:131)
	at com.python.pydev.analysis.scopeanalysis.AbstractScopeAnalyzerVisitor.visitClassDef(AbstractScopeAnalyzerVisitor.java:266)
	at org.python.pydev.parser.jython.ast.ClassDef.accept(ClassDef.java:157)
	at org.python.pydev.parser.jython.ast.Module.traverse(Module.java:87)
	at com.python.pydev.analysis.scopeanalysis.AbstractScopeAnalyzerVisitor.traverse(AbstractScopeAnalyzerVisitor.java:197)
	at com.python.pydev.analysis.visitors.OccurrencesVisitor.traverse(OccurrencesVisitor.java:397)
	at org.python.pydev.parser.jython.ast.VisitorBase.visitModule(VisitorBase.java:10)
	at org.python.pydev.parser.jython.ast.Module.accept(Module.java:79)
	at com.python.pydev.analysis.OccurrencesAnalyzer.analyzeDocument(OccurrencesAnalyzer.java:60)
	at com.python.pydev.analysis.additionalinfo.builders.AnalysisBuilderRunnable.doAnalysis(AnalysisBuilderRunnable.java:304)
	at com.python.pydev.analysis.additionalinfo.builders.AbstractAnalysisBuilderRunnable.run(AbstractAnalysisBuilderRunnable.java:164)
	at org.python.pydev.core.concurrency.RunnableAsJobsPoolThread$1.run(RunnableAsJobsPoolThread.java:140)
	at org.eclipse.core.internal.jobs.Worker.run(Worker.java:63)

!ENTRY org.python.pydev.shared_core 2 2 2020-04-15 21:55:13.071
!MESSAGE Warning: computed 16462 completions (trimming to 10000).
Request: CompletionRequest[ editorFile:C:\Users\yccha\workspace-IoT-Semester-Project\constrained-device\zone\adaptors\MqttClientConnector.py activationToken: qualifier:st isInCalltip:false alreadyHasParams:false]
!STACK 0
java.lang.RuntimeException: Warning: computed 16462 completions (trimming to 10000).
Request: CompletionRequest[ editorFile:C:\Users\yccha\workspace-IoT-Semester-Project\constrained-device\zone\adaptors\MqttClientConnector.py activationToken: qualifier:st isInCalltip:false alreadyHasParams:false]
	at org.python.pydev.core.log.Log.logWarn(Log.java:49)
	at org.python.pydev.ast.codecompletion.PyCodeCompletion.getCodeCompletionProposals(PyCodeCompletion.java:214)
	at org.python.pydev.editor.codecompletion.PythonCompletionProcessor.getPythonProposals(PythonCompletionProcessor.java:235)
	at org.python.pydev.editor.codecompletion.PythonCompletionProcessor.computeCompletionProposals(PythonCompletionProcessor.java:169)
	at org.python.pydev.editor.codecompletion.SimpleAssistProcessor.computeCompletionProposals(SimpleAssistProcessor.java:287)
	at org.eclipse.jface.text.contentassist.ContentAssistant$2.lambda$0(ContentAssistant.java:2014)
	at java.util.Collections$SingletonSet.forEach(Unknown Source)
	at org.eclipse.jface.text.contentassist.ContentAssistant$2.run(ContentAssistant.java:2013)
	at org.eclipse.core.runtime.SafeRunner.run(SafeRunner.java:45)
	at org.eclipse.jface.text.contentassist.ContentAssistant.computeCompletionProposals(ContentAssistant.java:2010)
	at org.eclipse.jface.text.contentassist.CompletionProposalPopup.computeProposals(CompletionProposalPopup.java:575)
	at org.eclipse.jface.text.contentassist.CompletionProposalPopup.lambda$0(CompletionProposalPopup.java:505)
	at org.eclipse.swt.custom.BusyIndicator.showWhile(BusyIndicator.java:72)
	at org.eclipse.jface.text.contentassist.CompletionProposalPopup.showProposals(CompletionProposalPopup.java:500)
	at org.eclipse.jface.text.contentassist.CompletionProposalPopup$1.run(CompletionProposalPopup.java:381)
	at org.eclipse.swt.widgets.RunnableLock.run(RunnableLock.java:40)
	at org.eclipse.swt.widgets.Synchronizer.runAsyncMessages(Synchronizer.java:185)
	at org.eclipse.swt.widgets.Display.runAsyncMessages(Display.java:3919)
	at org.eclipse.swt.widgets.Display.readAndDispatch(Display.java:3550)
	at org.eclipse.e4.ui.internal.workbench.swt.PartRenderingEngine$5.run(PartRenderingEngine.java:1173)
	at org.eclipse.core.databinding.observable.Realm.runWithDefault(Realm.java:338)
	at org.eclipse.e4.ui.internal.workbench.swt.PartRenderingEngine.run(PartRenderingEngine.java:1062)
	at org.eclipse.e4.ui.internal.workbench.E4Workbench.createAndRunUI(E4Workbench.java:155)
	at org.eclipse.ui.internal.Workbench.lambda$3(Workbench.java:635)
	at org.eclipse.core.databinding.observable.Realm.runWithDefault(Realm.java:338)
	at org.eclipse.ui.internal.Workbench.createAndRunWorkbench(Workbench.java:559)
	at org.eclipse.ui.PlatformUI.createAndRunWorkbench(PlatformUI.java:150)
	at org.eclipse.ui.internal.ide.application.IDEApplication.start(IDEApplication.java:155)
	at org.eclipse.equinox.internal.app.EclipseAppHandle.run(EclipseAppHandle.java:203)
	at org.eclipse.core.runtime.internal.adaptor.EclipseAppLauncher.runApplication(EclipseAppLauncher.java:137)
	at org.eclipse.core.runtime.internal.adaptor.EclipseAppLauncher.start(EclipseAppLauncher.java:107)
	at org.eclipse.core.runtime.adaptor.EclipseStarter.run(EclipseStarter.java:400)
	at org.eclipse.core.runtime.adaptor.EclipseStarter.run(EclipseStarter.java:255)
	at sun.reflect.NativeMethodAccessorImpl.invoke0(Native Method)
	at sun.reflect.NativeMethodAccessorImpl.invoke(Unknown Source)
	at sun.reflect.DelegatingMethodAccessorImpl.invoke(Unknown Source)
	at java.lang.reflect.Method.invoke(Unknown Source)
	at org.eclipse.equinox.launcher.Main.invokeFramework(Main.java:660)
	at org.eclipse.equinox.launcher.Main.basicRun(Main.java:597)
	at org.eclipse.equinox.launcher.Main.run(Main.java:1468)

!ENTRY org.python.pydev.shared_core 1 1 2020-04-15 22:01:40.236
!MESSAGE It seems it's already disposed...
!STACK 0
java.lang.RuntimeException: It seems it's already disposed...
	at org.python.pydev.shared_core.log.Log.logInfo(Log.java:54)
	at org.python.pydev.shared_ui.outline.BaseModel.setRoot(BaseModel.java:189)
	at org.python.pydev.shared_ui.outline.BaseModel$1$1.run(BaseModel.java:68)
	at org.eclipse.swt.widgets.RunnableLock.run(RunnableLock.java:40)
	at org.eclipse.swt.widgets.Synchronizer.runAsyncMessages(Synchronizer.java:185)
	at org.eclipse.swt.widgets.Display.runAsyncMessages(Display.java:3919)
	at org.eclipse.swt.widgets.Display.readAndDispatch(Display.java:3550)
	at org.eclipse.e4.ui.internal.workbench.swt.PartRenderingEngine$5.run(PartRenderingEngine.java:1173)
	at org.eclipse.core.databinding.observable.Realm.runWithDefault(Realm.java:338)
	at org.eclipse.e4.ui.internal.workbench.swt.PartRenderingEngine.run(PartRenderingEngine.java:1062)
	at org.eclipse.e4.ui.internal.workbench.E4Workbench.createAndRunUI(E4Workbench.java:155)
	at org.eclipse.ui.internal.Workbench.lambda$3(Workbench.java:635)
	at org.eclipse.core.databinding.observable.Realm.runWithDefault(Realm.java:338)
	at org.eclipse.ui.internal.Workbench.createAndRunWorkbench(Workbench.java:559)
	at org.eclipse.ui.PlatformUI.createAndRunWorkbench(PlatformUI.java:150)
	at org.eclipse.ui.internal.ide.application.IDEApplication.start(IDEApplication.java:155)
	at org.eclipse.equinox.internal.app.EclipseAppHandle.run(EclipseAppHandle.java:203)
	at org.eclipse.core.runtime.internal.adaptor.EclipseAppLauncher.runApplication(EclipseAppLauncher.java:137)
	at org.eclipse.core.runtime.internal.adaptor.EclipseAppLauncher.start(EclipseAppLauncher.java:107)
	at org.eclipse.core.runtime.adaptor.EclipseStarter.run(EclipseStarter.java:400)
	at org.eclipse.core.runtime.adaptor.EclipseStarter.run(EclipseStarter.java:255)
	at sun.reflect.NativeMethodAccessorImpl.invoke0(Native Method)
	at sun.reflect.NativeMethodAccessorImpl.invoke(Unknown Source)
	at sun.reflect.DelegatingMethodAccessorImpl.invoke(Unknown Source)
	at java.lang.reflect.Method.invoke(Unknown Source)
	at org.eclipse.equinox.launcher.Main.invokeFramework(Main.java:660)
	at org.eclipse.equinox.launcher.Main.basicRun(Main.java:597)
	at org.eclipse.equinox.launcher.Main.run(Main.java:1468)

!ENTRY org.python.pydev.shared_core 2 2 2020-04-15 22:55:27.652
!MESSAGE Warning: computed 16447 completions (trimming to 10000).
Request: CompletionRequest[ editorFile:C:\Users\yccha\workspace-IoT-Semester-Project\constrained-device\zone\app\ZoneManager.py activationToken: qualifier:st isInCalltip:false alreadyHasParams:false]
!STACK 0
java.lang.RuntimeException: Warning: computed 16447 completions (trimming to 10000).
Request: CompletionRequest[ editorFile:C:\Users\yccha\workspace-IoT-Semester-Project\constrained-device\zone\app\ZoneManager.py activationToken: qualifier:st isInCalltip:false alreadyHasParams:false]
	at org.python.pydev.core.log.Log.logWarn(Log.java:49)
	at org.python.pydev.ast.codecompletion.PyCodeCompletion.getCodeCompletionProposals(PyCodeCompletion.java:214)
	at org.python.pydev.editor.codecompletion.PythonCompletionProcessor.getPythonProposals(PythonCompletionProcessor.java:235)
	at org.python.pydev.editor.codecompletion.PythonCompletionProcessor.computeCompletionProposals(PythonCompletionProcessor.java:169)
	at org.python.pydev.editor.codecompletion.SimpleAssistProcessor.computeCompletionProposals(SimpleAssistProcessor.java:287)
	at org.eclipse.jface.text.contentassist.ContentAssistant$2.lambda$0(ContentAssistant.java:2014)
	at java.util.Collections$SingletonSet.forEach(Unknown Source)
	at org.eclipse.jface.text.contentassist.ContentAssistant$2.run(ContentAssistant.java:2013)
	at org.eclipse.core.runtime.SafeRunner.run(SafeRunner.java:45)
	at org.eclipse.jface.text.contentassist.ContentAssistant.computeCompletionProposals(ContentAssistant.java:2010)
	at org.eclipse.jface.text.contentassist.CompletionProposalPopup.computeProposals(CompletionProposalPopup.java:575)
	at org.eclipse.jface.text.contentassist.CompletionProposalPopup.lambda$0(CompletionProposalPopup.java:505)
	at org.eclipse.swt.custom.BusyIndicator.showWhile(BusyIndicator.java:72)
	at org.eclipse.jface.text.contentassist.CompletionProposalPopup.showProposals(CompletionProposalPopup.java:500)
	at org.eclipse.jface.text.contentassist.CompletionProposalPopup$1.run(CompletionProposalPopup.java:381)
	at org.eclipse.swt.widgets.RunnableLock.run(RunnableLock.java:40)
	at org.eclipse.swt.widgets.Synchronizer.runAsyncMessages(Synchronizer.java:185)
	at org.eclipse.swt.widgets.Display.runAsyncMessages(Display.java:3919)
	at org.eclipse.swt.widgets.Display.readAndDispatch(Display.java:3550)
	at org.eclipse.e4.ui.internal.workbench.swt.PartRenderingEngine$5.run(PartRenderingEngine.java:1173)
	at org.eclipse.core.databinding.observable.Realm.runWithDefault(Realm.java:338)
	at org.eclipse.e4.ui.internal.workbench.swt.PartRenderingEngine.run(PartRenderingEngine.java:1062)
	at org.eclipse.e4.ui.internal.workbench.E4Workbench.createAndRunUI(E4Workbench.java:155)
	at org.eclipse.ui.internal.Workbench.lambda$3(Workbench.java:635)
	at org.eclipse.core.databinding.observable.Realm.runWithDefault(Realm.java:338)
	at org.eclipse.ui.internal.Workbench.createAndRunWorkbench(Workbench.java:559)
	at org.eclipse.ui.PlatformUI.createAndRunWorkbench(PlatformUI.java:150)
	at org.eclipse.ui.internal.ide.application.IDEApplication.start(IDEApplication.java:155)
	at org.eclipse.equinox.internal.app.EclipseAppHandle.run(EclipseAppHandle.java:203)
	at org.eclipse.core.runtime.internal.adaptor.EclipseAppLauncher.runApplication(EclipseAppLauncher.java:137)
	at org.eclipse.core.runtime.internal.adaptor.EclipseAppLauncher.start(EclipseAppLauncher.java:107)
	at org.eclipse.core.runtime.adaptor.EclipseStarter.run(EclipseStarter.java:400)
	at org.eclipse.core.runtime.adaptor.EclipseStarter.run(EclipseStarter.java:255)
	at sun.reflect.NativeMethodAccessorImpl.invoke0(Native Method)
	at sun.reflect.NativeMethodAccessorImpl.invoke(Unknown Source)
	at sun.reflect.DelegatingMethodAccessorImpl.invoke(Unknown Source)
	at java.lang.reflect.Method.invoke(Unknown Source)
	at org.eclipse.equinox.launcher.Main.invokeFramework(Main.java:660)
	at org.eclipse.equinox.launcher.Main.basicRun(Main.java:597)
	at org.eclipse.equinox.launcher.Main.run(Main.java:1468)

!ENTRY org.python.pydev.shared_core 2 2 2020-04-18 16:25:37.301
!MESSAGE Warning: computed 16457 completions (trimming to 10000).
Request: CompletionRequest[ editorFile:C:\Users\yccha\workspace-IoT-Semester-Project\constrained-device\zone\app\ZoneInitializer.py activationToken: qualifier:st isInCalltip:false alreadyHasParams:false]
!STACK 0
java.lang.RuntimeException: Warning: computed 16457 completions (trimming to 10000).
Request: CompletionRequest[ editorFile:C:\Users\yccha\workspace-IoT-Semester-Project\constrained-device\zone\app\ZoneInitializer.py activationToken: qualifier:st isInCalltip:false alreadyHasParams:false]
	at org.python.pydev.core.log.Log.logWarn(Log.java:49)
	at org.python.pydev.ast.codecompletion.PyCodeCompletion.getCodeCompletionProposals(PyCodeCompletion.java:214)
	at org.python.pydev.editor.codecompletion.PythonCompletionProcessor.getPythonProposals(PythonCompletionProcessor.java:235)
	at org.python.pydev.editor.codecompletion.PythonCompletionProcessor.computeCompletionProposals(PythonCompletionProcessor.java:169)
	at org.python.pydev.editor.codecompletion.SimpleAssistProcessor.computeCompletionProposals(SimpleAssistProcessor.java:287)
	at org.eclipse.jface.text.contentassist.ContentAssistant$2.lambda$0(ContentAssistant.java:2014)
	at java.util.Collections$SingletonSet.forEach(Unknown Source)
	at org.eclipse.jface.text.contentassist.ContentAssistant$2.run(ContentAssistant.java:2013)
	at org.eclipse.core.runtime.SafeRunner.run(SafeRunner.java:45)
	at org.eclipse.jface.text.contentassist.ContentAssistant.computeCompletionProposals(ContentAssistant.java:2010)
	at org.eclipse.jface.text.contentassist.CompletionProposalPopup.computeProposals(CompletionProposalPopup.java:575)
	at org.eclipse.jface.text.contentassist.CompletionProposalPopup.lambda$0(CompletionProposalPopup.java:505)
	at org.eclipse.swt.custom.BusyIndicator.showWhile(BusyIndicator.java:72)
	at org.eclipse.jface.text.contentassist.CompletionProposalPopup.showProposals(CompletionProposalPopup.java:500)
	at org.eclipse.jface.text.contentassist.CompletionProposalPopup$1.run(CompletionProposalPopup.java:381)
	at org.eclipse.swt.widgets.RunnableLock.run(RunnableLock.java:40)
	at org.eclipse.swt.widgets.Synchronizer.runAsyncMessages(Synchronizer.java:185)
	at org.eclipse.swt.widgets.Display.runAsyncMessages(Display.java:3919)
	at org.eclipse.swt.widgets.Display.readAndDispatch(Display.java:3550)
	at org.eclipse.e4.ui.internal.workbench.swt.PartRenderingEngine$5.run(PartRenderingEngine.java:1173)
	at org.eclipse.core.databinding.observable.Realm.runWithDefault(Realm.java:338)
	at org.eclipse.e4.ui.internal.workbench.swt.PartRenderingEngine.run(PartRenderingEngine.java:1062)
	at org.eclipse.e4.ui.internal.workbench.E4Workbench.createAndRunUI(E4Workbench.java:155)
	at org.eclipse.ui.internal.Workbench.lambda$3(Workbench.java:635)
	at org.eclipse.core.databinding.observable.Realm.runWithDefault(Realm.java:338)
	at org.eclipse.ui.internal.Workbench.createAndRunWorkbench(Workbench.java:559)
	at org.eclipse.ui.PlatformUI.createAndRunWorkbench(PlatformUI.java:150)
	at org.eclipse.ui.internal.ide.application.IDEApplication.start(IDEApplication.java:155)
	at org.eclipse.equinox.internal.app.EclipseAppHandle.run(EclipseAppHandle.java:203)
	at org.eclipse.core.runtime.internal.adaptor.EclipseAppLauncher.runApplication(EclipseAppLauncher.java:137)
	at org.eclipse.core.runtime.internal.adaptor.EclipseAppLauncher.start(EclipseAppLauncher.java:107)
	at org.eclipse.core.runtime.adaptor.EclipseStarter.run(EclipseStarter.java:400)
	at org.eclipse.core.runtime.adaptor.EclipseStarter.run(EclipseStarter.java:255)
	at sun.reflect.NativeMethodAccessorImpl.invoke0(Native Method)
	at sun.reflect.NativeMethodAccessorImpl.invoke(Unknown Source)
	at sun.reflect.DelegatingMethodAccessorImpl.invoke(Unknown Source)
	at java.lang.reflect.Method.invoke(Unknown Source)
	at org.eclipse.equinox.launcher.Main.invokeFramework(Main.java:660)
	at org.eclipse.equinox.launcher.Main.basicRun(Main.java:597)
	at org.eclipse.equinox.launcher.Main.run(Main.java:1468)
!SESSION 2020-04-19 00:27:48.456 -----------------------------------------------
eclipse.buildId=4.12.0.I20190605-1800
java.version=1.8.0_241
java.vendor=Oracle Corporation
BootLoader constants: OS=win32, ARCH=x86_64, WS=win32, NL=en_US
Framework arguments:  -product org.eclipse.epp.package.java.product
Command-line arguments:  -os win32 -ws win32 -arch x86_64 -product org.eclipse.epp.package.java.product

!ENTRY org.eclipse.core.resources 2 10035 2020-04-19 00:27:56.217
!MESSAGE The workspace exited with unsaved changes in the previous session; refreshing workspace to recover changes.

!ENTRY org.eclipse.egit.core 1 0 2020-04-19 00:27:57.325
!MESSAGE Using Apache MINA sshd as ssh client.

!ENTRY org.eclipse.egit.ui 2 0 2020-04-19 00:28:05.685
!MESSAGE Warning: The environment variable HOME is not set. The following directory will be used to store the Git
user global configuration and to define the default location to store repositories: 'C:\Users\yccha'. If this is
not correct please set the HOME environment variable and restart Eclipse. Otherwise Git for Windows and
EGit might behave differently since they see different configuration options.
This warning can be switched off on the Team > Git > Confirmations and Warnings preference page.
